[35m[Appium][39m Welcome to Appium v1.22.3
[35m[Appium][39m Non-default server args:
[35m[Appium][39m   port: 51228
[35m[Appium][39m   tmpDir: C:\Users\62851\AppData\Local\Temp\\Katalon\Appium\Temp1691563502231
[35m[Appium][39m   chromedriverPort: 51231
[35m[Appium][39m Deprecated server args:
[35m[Appium][39m   [31m--chromedriver-port[39m => --default-capabilities
[35m[Appium][39m Default capabilities, which will be added to each request unless overridden by desired capabilities:
[35m[Appium][39m   chromedriverPort: 51231
[35m[Appium][39m Appium REST http interface listener started on 0.0.0.0:51228
[35m[HTTP][39m [37m-->[39m [37mGET[39m [37m/wd/hub/status[39m
[35m[HTTP][39m [90m{}[39m
[debug] [35m[GENERIC][39m Calling AppiumDriver.getStatus() with args: []
[debug] [35m[GENERIC][39m Responding to client with driver.getStatus() result: {"build":{"version":"1.22.3"}}
[35m[HTTP][39m [37m<-- GET /wd/hub/status [39m[32m200[39m [90m34 ms - 68[39m
[35m[HTTP][39m [90m[39m
[35m[HTTP][39m [37m-->[39m [37mGET[39m [37m/wd/hub/status[39m
[35m[HTTP][39m [90m{}[39m
[debug] [35m[GENERIC][39m Calling AppiumDriver.getStatus() with args: []
[debug] [35m[GENERIC][39m Responding to client with driver.getStatus() result: {"build":{"version":"1.22.3"}}
[35m[HTTP][39m [37m<-- GET /wd/hub/status [39m[32m200[39m [90m6 ms - 68[39m
[35m[HTTP][39m [90m[39m
[35m[HTTP][39m [37m-->[39m [37mPOST[39m [37m/wd/hub/session[39m
[35m[HTTP][39m [90m{"desiredCapabilities":{"appActivity":".Settings","appPackage":"com.android.settings","newCommandTimeout":1800,"platformVersion":"12","automationName":"uiautomator2","autoGrantPermissions":true,"platformName":"Android","udid":"1f143258","deviceName":"Xiaomi M2007J20CG (Android 12)","platform":"ANDROID","systemPort":8203},"capabilities":{"firstMatch":[{"appium:appActivity":".Settings","appium:appPackage":"com.android.settings","appium:autoGrantPermissions":true,"appium:automationName":"uiautomator2","appium:deviceName":"Xiaomi M2007J20CG (Android 12)","appium:newCommandTimeout":1800,"platform":"ANDROID","platformName":"android","appium:platformVersion":"12","appium:systemPort":8203,"appium:udid":"1f143258"}]}}[39m
[debug] [35m[W3C][39m Calling AppiumDriver.createSession() with args: [{"appActivity":".Settings","appPackage":"com.android.settings","newCommandTimeout":1800,"platformVersion":"12","automationName":"uiautomator2","autoGrantPermissions":true,"platformName":"Android","udid":"1f143258","deviceName":"Xiaomi M2007J20CG (Android 12)","platform":"ANDROID","systemPort":8203},null,{"firstMatch":[{"appium:appActivity":".Settings","appium:appPackage":"com.android.settings","appium:autoGrantPermissions":true,"appium:automationName":"uiautomator2","appium:deviceName":"Xiaomi M2007J20CG (Android 12)","appium:newCommandTimeout":1800,"platform":"ANDROID","platformName":"android","appium:platformVersion":"12","appium:systemPort":8203,"appium:udid":"1f143258"}]}]
[debug] [35m[BaseDriver][39m Event 'newSessionRequested' logged at 1691563516912 (13:45:16 GMT+0700 (Indochina Time))
[35m[BaseDriver][39m The following capabilities are not standard capabilities and should have an extension prefix:
[35m[BaseDriver][39m   platform
[35m[BaseDriver][39m   chromedriverPort
[35m[Appium][39m Appium v1.22.3 creating new AndroidUiautomator2Driver (v1.70.1) session
[debug] [35m[BaseDriver][39m W3C capabilities and MJSONWP desired capabilities were provided
[debug] [35m[BaseDriver][39m Creating session with W3C capabilities: {
[debug] [35m[BaseDriver][39m   "alwaysMatch": {
[debug] [35m[BaseDriver][39m     "appium:platform": "ANDROID",
[debug] [35m[BaseDriver][39m     "platformName": "android",
[debug] [35m[BaseDriver][39m     "appium:chromedriverPort": 51231,
[debug] [35m[BaseDriver][39m     "appium:appActivity": ".Settings",
[debug] [35m[BaseDriver][39m     "appium:appPackage": "com.android.settings",
[debug] [35m[BaseDriver][39m     "appium:autoGrantPermissions": true,
[debug] [35m[BaseDriver][39m     "appium:automationName": "uiautomator2",
[debug] [35m[BaseDriver][39m     "appium:deviceName": "Xiaomi M2007J20CG (Android 12)",
[debug] [35m[BaseDriver][39m     "appium:newCommandTimeout": 1800,
[debug] [35m[BaseDriver][39m     "appium:platformVersion": "12",
[debug] [35m[BaseDriver][39m     "appium:systemPort": 8203,
[debug] [35m[BaseDriver][39m     "appium:udid": "1f143258"
[debug] [35m[BaseDriver][39m   },
[debug] [35m[BaseDriver][39m   "firstMatch": [
[debug] [35m[BaseDriver][39m     {}
[debug] [35m[BaseDriver][39m   ]
[debug] [35m[BaseDriver][39m }
[35m[BaseDriver][39m The following capabilities were provided, but are not recognized by Appium:
[35m[BaseDriver][39m   platform
[35m[BaseDriver][39m Session created with session id: abac2f8e-ed10-42e6-a0b0-7cf2c3ee2fec
[35m[UiAutomator2][39m Starting 'com.android.settings' directly on the device
[35m[ADB][39m Found 1 'build-tools' folders under 'C:\Users\62851\AppData\Local\Android\Sdk' (newest first):
[35m[ADB][39m     C:/Users/62851/AppData/Local/Android/Sdk/build-tools/33.0.0
[35m[ADB][39m Using 'adb.exe' from 'C:\Users\62851\AppData\Local\Android\Sdk\platform-tools\adb.exe'
[debug] [35m[ADB][39m Running 'C:\Users\62851\AppData\Local\Android\Sdk\platform-tools\adb.exe -P 5037 start-server'
[35m[AndroidDriver][39m Retrieving device list
[debug] [35m[ADB][39m Trying to find a connected android device
[debug] [35m[ADB][39m Getting connected devices
[debug] [35m[ADB][39m Connected devices: [{"udid":"1f143258","state":"device"}]
[35m[AndroidDriver][39m Using device: 1f143258
[35m[ADB][39m Using 'adb.exe' from 'C:\Users\62851\AppData\Local\Android\Sdk\platform-tools\adb.exe'
[debug] [35m[ADB][39m Running 'C:\Users\62851\AppData\Local\Android\Sdk\platform-tools\adb.exe -P 5037 start-server'
[debug] [35m[ADB][39m Setting device id to 1f143258
[debug] [35m[ADB][39m Running 'C:\Users\62851\AppData\Local\Android\Sdk\platform-tools\adb.exe -P 5037 -s 1f143258 shell getprop ro.build.version.sdk'
[debug] [35m[ADB][39m Current device property 'ro.build.version.sdk': 31
[35m[ADB][39m Getting device platform version
[debug] [35m[ADB][39m Running 'C:\Users\62851\AppData\Local\Android\Sdk\platform-tools\adb.exe -P 5037 -s 1f143258 shell getprop ro.build.version.release'
[debug] [35m[ADB][39m Current device property 'ro.build.version.release': 12
[debug] [35m[ADB][39m Device API level: 31
[35m[UiAutomator2][39m Relaxing hidden api policy
[debug] [35m[ADB][39m Running 'C:\Users\62851\AppData\Local\Android\Sdk\platform-tools\adb.exe -P 5037 -s 1f143258 shell 'settings put global hidden_api_policy_pre_p_apps 1;settings put global hidden_api_policy_p_apps 1;settings put global hidden_api_policy 1''
[35m[AndroidDriver][39m No app sent in, not parsing package/activity
[debug] [35m[ADB][39m Running 'C:\Users\62851\AppData\Local\Android\Sdk\platform-tools\adb.exe -P 5037 -s 1f143258 wait-for-device'
[debug] [35m[ADB][39m Running 'C:\Users\62851\AppData\Local\Android\Sdk\platform-tools\adb.exe -P 5037 -s 1f143258 shell echo ping'
[debug] [35m[AndroidDriver][39m Pushing settings apk to device...
[debug] [35m[ADB][39m Getting install status for io.appium.settings
[debug] [35m[ADB][39m Running 'C:\Users\62851\AppData\Local\Android\Sdk\platform-tools\adb.exe -P 5037 -s 1f143258 shell dumpsys package io.appium.settings'
[debug] [35m[ADB][39m 'io.appium.settings' is installed
[debug] [35m[ADB][39m Getting package info for 'io.appium.settings'
[debug] [35m[ADB][39m Running 'C:\Users\62851\AppData\Local\Android\Sdk\platform-tools\adb.exe -P 5037 -s 1f143258 shell dumpsys package io.appium.settings'
[debug] [35m[ADB][39m The version name of the installed 'io.appium.settings' is greater or equal to the application version name ('3.4.0' >= '3.4.0')
[debug] [35m[ADB][39m There is no need to install/upgrade 'C:\Users\62851\AppData\Roaming\npm\node_modules\appium\node_modules\io.appium.settings\apks\settings_apk-debug.apk'
[debug] [35m[ADB][39m Getting IDs of all 'io.appium.settings' processes
[debug] [35m[ADB][39m Running 'C:\Users\62851\AppData\Local\Android\Sdk\platform-tools\adb.exe -P 5037 -s 1f143258 shell 'pgrep --help; echo $?''
[debug] [35m[ADB][39m Running 'C:\Users\62851\AppData\Local\Android\Sdk\platform-tools\adb.exe -P 5037 -s 1f143258 shell pgrep -f \(\[\[:blank:\]\]\|\^\)io\.appium\.settings\(\[\[:blank:\]\]\|\$\)'
[debug] [35m[AndroidDriver][39m io.appium.settings is already running. There is no need to reset its permissions.
[debug] [35m[ADB][39m Running 'C:\Users\62851\AppData\Local\Android\Sdk\platform-tools\adb.exe -P 5037 -s 1f143258 shell appops set io.appium.settings android:mock_location allow'
[debug] [35m[Logcat][39m Starting logs capture with command: C:\\Users\\62851\\AppData\\Local\\Android\\Sdk\\platform-tools\\adb.exe -P 5037 -s 1f143258 logcat -v threadtime
[debug] [35m[UiAutomator2][39m Forwarding UiAutomator2 Server port 6790 to local port 8203
[debug] [35m[ADB][39m Forwarding system: 8203 to device: 6790
[debug] [35m[ADB][39m Running 'C:\Users\62851\AppData\Local\Android\Sdk\platform-tools\adb.exe -P 5037 -s 1f143258 forward tcp:8203 tcp:6790'
[debug] [35m[ADB][39m Getting install status for io.appium.uiautomator2.server
[debug] [35m[ADB][39m Running 'C:\Users\62851\AppData\Local\Android\Sdk\platform-tools\adb.exe -P 5037 -s 1f143258 shell dumpsys package io.appium.uiautomator2.server'
[debug] [35m[ADB][39m 'io.appium.uiautomator2.server' is installed
[debug] [35m[ADB][39m Getting package info for 'io.appium.uiautomator2.server'
[debug] [35m[ADB][39m Running 'C:\Users\62851\AppData\Local\Android\Sdk\platform-tools\adb.exe -P 5037 -s 1f143258 shell dumpsys package io.appium.uiautomator2.server'
[debug] [35m[ADB][39m The version name of the installed 'io.appium.uiautomator2.server' is greater or equal to the application version name ('4.27.0' >= '4.27.0')
[debug] [35m[UiAutomator2][39m io.appium.uiautomator2.server installation state: sameVersionInstalled
[debug] [35m[ADB][39m Checking app cert for C:\Users\62851\AppData\Roaming\npm\node_modules\appium\node_modules\appium-uiautomator2-server\apks\appium-uiautomator2-server-v4.27.0.apk
[35m[ADB][39m Using 'apksigner.jar' from 'C:\Users\62851\AppData\Local\Android\Sdk\build-tools\33.0.0\lib\apksigner.jar'
[debug] [35m[ADB][39m Starting apksigner: D:\\Katalon_Studio_PE\\Katalon_Studio_PE_Windows_64-8.5.2\\jre\\bin\\java.exe -Xmx1024M -Xss1m -jar C:\\Users\\62851\\AppData\\Local\\Android\\Sdk\\build-tools\\33.0.0\\lib\\apksigner.jar verify --print-certs C:\\Users\\62851\\AppData\\Roaming\\npm\\node_modules\\appium\\node_modules\\appium-uiautomator2-server\\apks\\appium-uiautomator2-server-v4.27.0.apk
[debug] [35m[ADB][39m apksigner stdout: Signer #1 certificate DN: EMAILADDRESS=android@android.com, CN=Android, OU=Android, O=Android, L=Mountain View, ST=California, C=US
[debug] [35m[ADB][39m Signer #1 certificate SHA-256 digest: a40da80a59d170caa950cf15c18c454d47a39b26989d8b640ecd745ba71bf5dc
[debug] [35m[ADB][39m Signer #1 certificate SHA-1 digest: 61ed377e85d386a8dfee6b864bd85b0bfaa5af81
[debug] [35m[ADB][39m Signer #1 certificate MD5 digest: e89b158e4bcf988ebd09eb83f5378e87
[debug] [35m[ADB][39m 
[debug] [35m[ADB][39m sha256 hash did match for 'appium-uiautomator2-server-v4.27.0.apk'
[35m[ADB][39m 'C:\Users\62851\AppData\Roaming\npm\node_modules\appium\node_modules\appium-uiautomator2-server\apks\appium-uiautomator2-server-v4.27.0.apk' is signed with the default certificate
[debug] [35m[ADB][39m Getting install status for io.appium.uiautomator2.server.test
[debug] [35m[ADB][39m Running 'C:\Users\62851\AppData\Local\Android\Sdk\platform-tools\adb.exe -P 5037 -s 1f143258 shell dumpsys package io.appium.uiautomator2.server.test'
[debug] [35m[ADB][39m 'io.appium.uiautomator2.server.test' is installed
[debug] [35m[ADB][39m Checking app cert for C:\Users\62851\AppData\Roaming\npm\node_modules\appium\node_modules\appium-uiautomator2-server\apks\appium-uiautomator2-server-debug-androidTest.apk
[debug] [35m[ADB][39m Starting apksigner: D:\\Katalon_Studio_PE\\Katalon_Studio_PE_Windows_64-8.5.2\\jre\\bin\\java.exe -Xmx1024M -Xss1m -jar C:\\Users\\62851\\AppData\\Local\\Android\\Sdk\\build-tools\\33.0.0\\lib\\apksigner.jar verify --print-certs C:\\Users\\62851\\AppData\\Roaming\\npm\\node_modules\\appium\\node_modules\\appium-uiautomator2-server\\apks\\appium-uiautomator2-server-debug-androidTest.apk
[debug] [35m[ADB][39m apksigner stdout: Signer #1 certificate DN: EMAILADDRESS=android@android.com, CN=Android, OU=Android, O=Android, L=Mountain View, ST=California, C=US
[debug] [35m[ADB][39m Signer #1 certificate SHA-256 digest: a40da80a59d170caa950cf15c18c454d47a39b26989d8b640ecd745ba71bf5dc
[debug] [35m[ADB][39m Signer #1 certificate SHA-1 digest: 61ed377e85d386a8dfee6b864bd85b0bfaa5af81
[debug] [35m[ADB][39m Signer #1 certificate MD5 digest: e89b158e4bcf988ebd09eb83f5378e87
[debug] [35m[ADB][39m 
[debug] [35m[ADB][39m sha256 hash did match for 'appium-uiautomator2-server-debug-androidTest.apk'
[35m[ADB][39m 'C:\Users\62851\AppData\Roaming\npm\node_modules\appium\node_modules\appium-uiautomator2-server\apks\appium-uiautomator2-server-debug-androidTest.apk' is signed with the default certificate
[35m[UiAutomator2][39m Server packages are not going to be (re)installed
[debug] [35m[UiAutomator2][39m Waiting up to 30000ms for services to be available
[debug] [35m[ADB][39m Running 'C:\Users\62851\AppData\Local\Android\Sdk\platform-tools\adb.exe -P 5037 -s 1f143258 shell pm list instrumentation'
[debug] [35m[UiAutomator2][39m Instrumentation target 'io.appium.uiautomator2.server.test/androidx.test.runner.AndroidJUnitRunner' is available
[35m[ADB][39m Adding packages ["io.appium.settings","io.appium.uiautomator2.server","io.appium.uiautomator2.server.test"] to Doze whitelist
[debug] [35m[ADB][39m Got the following command chunks to execute: [["dumpsys","deviceidle","whitelist","+io.appium.settings",";","dumpsys","deviceidle","whitelist","+io.appium.uiautomator2.server",";","dumpsys","deviceidle","whitelist","+io.appium.uiautomator2.server.test",";"]]
[debug] [35m[ADB][39m Running 'C:\Users\62851\AppData\Local\Android\Sdk\platform-tools\adb.exe -P 5037 -s 1f143258 shell dumpsys deviceidle whitelist +io.appium.settings ; dumpsys deviceidle whitelist +io.appium.uiautomator2.server ; dumpsys deviceidle whitelist +io.appium.uiautomator2.server.test ;'
[debug] [35m[UiAutomator2][39m No app capability. Assuming it is already on the device
[debug] [35m[ADB][39m Getting install status for com.android.settings
[debug] [35m[ADB][39m Running 'C:\Users\62851\AppData\Local\Android\Sdk\platform-tools\adb.exe -P 5037 -s 1f143258 shell dumpsys package com.android.settings'
[debug] [35m[ADB][39m 'com.android.settings' is installed
[debug] [35m[ADB][39m Running 'C:\Users\62851\AppData\Local\Android\Sdk\platform-tools\adb.exe -P 5037 -s 1f143258 shell am force-stop com.android.settings'
[debug] [35m[ADB][39m Running 'C:\Users\62851\AppData\Local\Android\Sdk\platform-tools\adb.exe -P 5037 -s 1f143258 shell pm clear com.android.settings'
[debug] [35m[ADB][39m Running 'C:\Users\62851\AppData\Local\Android\Sdk\platform-tools\adb.exe -P 5037 -s 1f143258 shell dumpsys package com.android.settings'
[debug] [35m[ADB][39m Retrieving requested permissions
[debug] [35m[ADB][39m Retrieved 382 permissions from requested group
[debug] [35m[ADB][39m Retrieving granted permissions
[debug] [35m[ADB][39m Retrieved 302 permissions from install,runtime groups
[debug] [35m[ADB][39m Granting permissions ["android.globallauncher.permission.READ_SETTINGS"] to 'com.android.settings'
[debug] [35m[ADB][39m Got the following command chunks to execute: [["pm","grant","com.android.settings","android.globallauncher.permission.READ_SETTINGS",";"]]
[debug] [35m[ADB][39m Running 'C:\Users\62851\AppData\Local\Android\Sdk\platform-tools\adb.exe -P 5037 -s 1f143258 shell pm grant com.android.settings android.globallauncher.permission.READ_SETTINGS ;'
[debug] [35m[AndroidDriver][39m Performed fast reset on the installed 'com.android.settings' application (stop and clear)
[debug] [35m[UiAutomator2][39m Performing shallow cleanup of automation leftovers
[debug] [35m[UiAutomator2][39m No obsolete sessions have been detected (socket hang up)
[debug] [35m[ADB][39m Running 'C:\Users\62851\AppData\Local\Android\Sdk\platform-tools\adb.exe -P 5037 -s 1f143258 shell am force-stop io.appium.uiautomator2.server.test'
[35m[UiAutomator2][39m Starting UIAutomator2 server 4.27.0
[35m[UiAutomator2][39m Using UIAutomator2 server from 'C:\Users\62851\AppData\Roaming\npm\node_modules\appium\node_modules\appium-uiautomator2-server\apks\appium-uiautomator2-server-v4.27.0.apk' and test from 'C:\Users\62851\AppData\Roaming\npm\node_modules\appium\node_modules\appium-uiautomator2-server\apks\appium-uiautomator2-server-debug-androidTest.apk'
[35m[UiAutomator2][39m Waiting up to 30000ms for UiAutomator2 to be online...
[debug] [35m[ADB][39m Creating ADB subprocess with args: ["-P",5037,"-s","1f143258","shell","am","instrument","-w","-e","disableAnalytics",true,"io.appium.uiautomator2.server.test/androidx.test.runner.AndroidJUnitRunner"]
[debug] [35m[WD Proxy][39m Matched '/status' to command name 'getStatus'
[debug] [35m[WD Proxy][39m Proxying [GET /status] to [GET http://127.0.0.1:8203/wd/hub/status] with no body
[35m[WD Proxy][39m socket hang up
[debug] [35m[WD Proxy][39m Matched '/status' to command name 'getStatus'
[debug] [35m[WD Proxy][39m Proxying [GET /status] to [GET http://127.0.0.1:8203/wd/hub/status] with no body
[35m[WD Proxy][39m socket hang up
[debug] [35m[WD Proxy][39m Matched '/status' to command name 'getStatus'
[debug] [35m[WD Proxy][39m Proxying [GET /status] to [GET http://127.0.0.1:8203/wd/hub/status] with no body
[35m[WD Proxy][39m socket hang up
[debug] [35m[WD Proxy][39m Matched '/status' to command name 'getStatus'
[debug] [35m[WD Proxy][39m Proxying [GET /status] to [GET http://127.0.0.1:8203/wd/hub/status] with no body
[35m[WD Proxy][39m socket hang up
[debug] [35m[Instrumentation][39m io.appium.uiautomator2.server.test.AppiumUiAutomator2Server:
[debug] [35m[WD Proxy][39m Matched '/status' to command name 'getStatus'
[debug] [35m[WD Proxy][39m Proxying [GET /status] to [GET http://127.0.0.1:8203/wd/hub/status] with no body
[35m[WD Proxy][39m socket hang up
[debug] [35m[WD Proxy][39m Matched '/status' to command name 'getStatus'
[debug] [35m[WD Proxy][39m Proxying [GET /status] to [GET http://127.0.0.1:8203/wd/hub/status] with no body
[debug] [35m[WD Proxy][39m Got response with status 200: {"sessionId":"None","value":{"message":"UiAutomator2 Server is ready to accept commands","ready":true}}
[debug] [35m[UiAutomator2][39m The initialization of the instrumentation process took 5197ms
[debug] [35m[WD Proxy][39m Matched '/session' to command name 'createSession'
[debug] [35m[WD Proxy][39m Proxying [POST /session] to [POST http://127.0.0.1:8203/wd/hub/session] with body: {"capabilities":{"firstMatch":[{"platform":"ANDROID","webStorageEnabled":false,"takesScreenshot":true,"javascriptEnabled":true,"databaseEnabled":false,"networkConnectionEnabled":true,"locationContextEnabled":false,"warnings":{},"desired":{"platformName":"android","platform":"ANDROID","chromedriverPort":51231,"appActivity":".Settings","appPackage":"com.android.settings","autoGrantPermissions":true,"automationName":"uiautomator2","deviceName":"Xiaomi M2007J20CG (Android 12)","newCommandTimeout":1800,"platformVersion":"12","systemPort":8203,"udid":"1f143258"},"platformName":"android","chromedriverPort":51231,"appActivity":".Settings","appPackage":"com.android.settings","autoGrantPermissions":true,"automationName":"uiautomator2","deviceName":"1f143258","newCommandTimeout":1800,"platformVersion":"12","systemPort":8203,"udid":"1f143258","deviceUDID":"1f143258"}],"alwaysMatch":{}}}
[debug] [35m[WD Proxy][39m Got response with status 200: {"sessionId":"8110a065-bd63-4b3c-aca8-8dfbc008073e","value":{"capabilities":{"firstMatch":[{"platform":"ANDROID","webStorageEnabled":false,"takesScreenshot":true,"javascriptEnabled":true,"databaseEnabled":false,"networkConnectionEnabled":true,"locationContextEnabled":false,"warnings":{},"desired":{"platformName":"android","platform":"ANDROID","chromedriverPort":51231,"appActivity":".Settings","appPackage":"com.android.settings","autoGrantPermissions":true,"automationName":"uiautomator2","deviceName":"Xiaomi M2007J20CG (Android 12)","newCommandTimeout":1800,"platformVersion":"12","systemPort":8203,"udid":"1f143258"},"platformName":"android","chromedriverPort":51231,"appActivity":".Settings","appPackage":"com.android.settings","autoGrantPermissions":true,"automationName":"uiautomator2","deviceName":"1f143258","newCommandTimeout":1800,"platformVersion":"12","systemPort":8203,"udid":"1f143258","deviceUDID":"1f143258"}],"alwaysMatch":{}},"sessionId":"8110a065-bd63-4b3c-aca8-8dfbc008073e"}}
[35m[WD Proxy][39m Determined the downstream protocol as 'W3C'
[debug] [35m[WD Proxy][39m Proxying [GET /appium/device/info] to [GET http://127.0.0.1:8203/wd/hub/session/8110a065-bd63-4b3c-aca8-8dfbc008073e/appium/device/info] with no body
[debug] [35m[WD Proxy][39m Got response with status 200: {"sessionId":"8110a065-bd63-4b3c-aca8-8dfbc008073e","value":{"androidId":"b31aee456679e2a5","apiVersion":"31","bluetooth":{"state":"OFF"},"brand":"POCO","carrierName":"3SinyalKuatHemat","displayDensity":440,"locale":"en_GB","manufacturer":"Xiaomi","model":"M2007J20CG","networks":[{"capabilities":{"SSID":null,"linkDownBandwidthKbps":22696,"linkUpstreamBandwidthKbps":8456,"networkCapabilities":"NET_CAPABILITY_NOT_METERED,NET_CAPABILITY_INTERNET,NET_CAPABILITY_NOT_RESTRICTED,NET_CAPABILITY_TRUSTED,NET_CAPABILITY_NOT_VPN,NET_CAPABILITY_VALIDATED,NET_CAPABILITY_NOT_ROAMING,NET_CAPABILITY_FOREGROUND,NET_CAPABILITY_NOT_CONGESTED,NET_CAPABILITY_NOT_SUSPENDED","signalStrength":-54,"transportTypes":"TRANSPORT_WIFI"},"detailedState":"CONNECTED","extraInfo":"","isAvailable":true,"isConnected":true,"isFailover":false,"isRoaming":false,"state":"CONNECTED","subtype":-1,"subtypeName":"","type":1,"typeName":"WIFI"},{"capabilities":{"SSID":null,"linkDownBandwidthKbps":2280,"linkUpstreamBandwidthKbps":15000,"networkCapabilit...
[debug] [35m[ADB][39m Running 'C:\Users\62851\AppData\Local\Android\Sdk\platform-tools\adb.exe -P 5037 -s 1f143258 shell dumpsys window'
[35m[AndroidDriver][39m Screen already unlocked, doing nothing
[35m[UiAutomator2][39m Starting 'com.android.settings/.Settings and waiting for 'com.android.settings/.Settings'
[debug] [35m[ADB][39m Running 'C:\Users\62851\AppData\Local\Android\Sdk\platform-tools\adb.exe -P 5037 -s 1f143258 shell am start -W -n com.android.settings/.Settings -S -a android.intent.action.MAIN -c android.intent.category.LAUNCHER -f 0x10200000'
[debug] [35m[WD Proxy][39m Proxying [GET /appium/device/pixel_ratio] to [GET http://127.0.0.1:8203/wd/hub/session/8110a065-bd63-4b3c-aca8-8dfbc008073e/appium/device/pixel_ratio] with no body
[debug] [35m[WD Proxy][39m Got response with status 200: {"sessionId":"8110a065-bd63-4b3c-aca8-8dfbc008073e","value":2.75}
[debug] [35m[WD Proxy][39m Matched '/appium/device/system_bars' to command name 'getSystemBars'
[debug] [35m[WD Proxy][39m Proxying [GET /appium/device/system_bars] to [GET http://127.0.0.1:8203/wd/hub/session/8110a065-bd63-4b3c-aca8-8dfbc008073e/appium/device/system_bars] with no body
[debug] [35m[WD Proxy][39m Got response with status 200: {"sessionId":"8110a065-bd63-4b3c-aca8-8dfbc008073e","value":{"statusBar":91}}
[debug] [35m[WD Proxy][39m Matched '/window/current/size' to command name 'getWindowSize'
[debug] [35m[WD Proxy][39m Proxying [GET /window/current/size] to [GET http://127.0.0.1:8203/wd/hub/session/8110a065-bd63-4b3c-aca8-8dfbc008073e/window/current/size] with no body
[debug] [35m[WD Proxy][39m Got response with status 200: {"sessionId":"8110a065-bd63-4b3c-aca8-8dfbc008073e","value":{"height":2265,"width":1080}}
[35m[Appium][39m New AndroidUiautomator2Driver session created successfully, session abac2f8e-ed10-42e6-a0b0-7cf2c3ee2fec added to master session list
[debug] [35m[BaseDriver][39m Event 'newSessionStarted' logged at 1691563539118 (13:45:39 GMT+0700 (Indochina Time))
[debug] [35m[W3C (abac2f8e)][39m Cached the protocol value 'W3C' for the new session abac2f8e-ed10-42e6-a0b0-7cf2c3ee2fec
[debug] [35m[W3C (abac2f8e)][39m Responding to client with driver.createSession() result: {"capabilities":{"platform":"ANDROID","webStorageEnabled":false,"takesScreenshot":true,"javascriptEnabled":true,"databaseEnabled":false,"networkConnectionEnabled":true,"locationContextEnabled":false,"warnings":{},"desired":{"platformName":"android","platform":"ANDROID","chromedriverPort":51231,"appActivity":".Settings","appPackage":"com.android.settings","autoGrantPermissions":true,"automationName":"uiautomator2","deviceName":"Xiaomi M2007J20CG (Android 12)","newCommandTimeout":1800,"platformVersion":"12","systemPort":8203,"udid":"1f143258"},"platformName":"android","chromedriverPort":51231,"appActivity":".Settings","appPackage":"com.android.settings","autoGrantPermissions":true,"automationName":"uiautomator2","deviceName":"1f143258","newCommandTimeout":1800,"platformVersion":"12","systemPort":8203,"udid":"1f143258","deviceUDID":"1f143258","deviceApiLevel":31,"deviceScreenSize":"1080x2400","deviceScreenDensity":440,"deviceModel":"M2007J20CG","deviceManufacturer":"Xiaomi","pixelRatio":2.75,"statBarHeight":9...
[35m[HTTP][39m [37m<-- POST /wd/hub/session [39m[32m200[39m [90m22215 ms - 1147[39m
[35m[HTTP][39m [90m[39m
[35m[HTTP][39m [37m-->[39m [37mGET[39m [37m/wd/hub/session/abac2f8e-ed10-42e6-a0b0-7cf2c3ee2fec[39m
[35m[HTTP][39m [90m{}[39m
[debug] [35m[W3C (abac2f8e)][39m Calling AppiumDriver.getSession() with args: ["abac2f8e-ed10-42e6-a0b0-7cf2c3ee2fec"]
[debug] [35m[UiAutomator2][39m Getting session details from server to mix in
[debug] [35m[WD Proxy][39m Matched '/' to command name 'getSession'
[debug] [35m[WD Proxy][39m Proxying [GET /] to [GET http://127.0.0.1:8203/wd/hub/session/8110a065-bd63-4b3c-aca8-8dfbc008073e] with no body
[debug] [35m[WD Proxy][39m Got response with status 200: {"sessionId":"8110a065-bd63-4b3c-aca8-8dfbc008073e","value":{"lastScrollData":null}}
[debug] [35m[W3C (abac2f8e)][39m Responding to client with driver.getSession() result: {"platform":"ANDROID","webStorageEnabled":false,"takesScreenshot":true,"javascriptEnabled":true,"databaseEnabled":false,"networkConnectionEnabled":true,"locationContextEnabled":false,"warnings":{},"desired":{"platformName":"android","platform":"ANDROID","chromedriverPort":51231,"appActivity":".Settings","appPackage":"com.android.settings","autoGrantPermissions":true,"automationName":"uiautomator2","deviceName":"Xiaomi M2007J20CG (Android 12)","newCommandTimeout":1800,"platformVersion":"12","systemPort":8203,"udid":"1f143258"},"platformName":"android","chromedriverPort":51231,"appActivity":".Settings","appPackage":"com.android.settings","autoGrantPermissions":true,"automationName":"uiautomator2","deviceName":"1f143258","newCommandTimeout":1800,"platformVersion":"12","systemPort":8203,"udid":"1f143258","deviceUDID":"1f143258","deviceApiLevel":31,"deviceScreenSize":"1080x2400","deviceScreenDensity":440,"deviceModel":"M2007J20CG","deviceManufacturer":"Xiaomi","pixelRatio":2.75,"statBarHeight":91,"viewportRect"...
[35m[HTTP][39m [37m<-- GET /wd/hub/session/abac2f8e-ed10-42e6-a0b0-7cf2c3ee2fec [39m[32m200[39m [90m21 ms - 1101[39m
[35m[HTTP][39m [90m[39m
[35m[HTTP][39m [37m-->[39m [37mGET[39m [37m/wd/hub/session/abac2f8e-ed10-42e6-a0b0-7cf2c3ee2fec[39m
[35m[HTTP][39m [90m{}[39m
[debug] [35m[W3C (abac2f8e)][39m Calling AppiumDriver.getSession() with args: ["abac2f8e-ed10-42e6-a0b0-7cf2c3ee2fec"]
[debug] [35m[UiAutomator2][39m Getting session details from server to mix in
[debug] [35m[WD Proxy][39m Matched '/' to command name 'getSession'
[debug] [35m[WD Proxy][39m Proxying [GET /] to [GET http://127.0.0.1:8203/wd/hub/session/8110a065-bd63-4b3c-aca8-8dfbc008073e] with no body
[debug] [35m[WD Proxy][39m Got response with status 200: {"sessionId":"8110a065-bd63-4b3c-aca8-8dfbc008073e","value":{"lastScrollData":null}}
[debug] [35m[W3C (abac2f8e)][39m Responding to client with driver.getSession() result: {"platform":"ANDROID","webStorageEnabled":false,"takesScreenshot":true,"javascriptEnabled":true,"databaseEnabled":false,"networkConnectionEnabled":true,"locationContextEnabled":false,"warnings":{},"desired":{"platformName":"android","platform":"ANDROID","chromedriverPort":51231,"appActivity":".Settings","appPackage":"com.android.settings","autoGrantPermissions":true,"automationName":"uiautomator2","deviceName":"Xiaomi M2007J20CG (Android 12)","newCommandTimeout":1800,"platformVersion":"12","systemPort":8203,"udid":"1f143258"},"platformName":"android","chromedriverPort":51231,"appActivity":".Settings","appPackage":"com.android.settings","autoGrantPermissions":true,"automationName":"uiautomator2","deviceName":"1f143258","newCommandTimeout":1800,"platformVersion":"12","systemPort":8203,"udid":"1f143258","deviceUDID":"1f143258","deviceApiLevel":31,"deviceScreenSize":"1080x2400","deviceScreenDensity":440,"deviceModel":"M2007J20CG","deviceManufacturer":"Xiaomi","pixelRatio":2.75,"statBarHeight":91,"viewportRect"...
[35m[HTTP][39m [37m<-- GET /wd/hub/session/abac2f8e-ed10-42e6-a0b0-7cf2c3ee2fec [39m[32m200[39m [90m23 ms - 1101[39m
[35m[HTTP][39m [90m[39m
[35m[HTTP][39m [37m-->[39m [37mGET[39m [37m/wd/hub/status[39m
[35m[HTTP][39m [90m{}[39m
[debug] [35m[GENERIC][39m Calling AppiumDriver.getStatus() with args: []
[debug] [35m[GENERIC][39m Responding to client with driver.getStatus() result: {"build":{"version":"1.22.3"}}
[35m[HTTP][39m [37m<-- GET /wd/hub/status [39m[32m200[39m [90m3 ms - 68[39m
[35m[HTTP][39m [90m[39m
[35m[HTTP][39m [37m-->[39m [37mPOST[39m [37m/wd/hub/session/abac2f8e-ed10-42e6-a0b0-7cf2c3ee2fec/timeouts[39m
[35m[HTTP][39m [90m{"implicit":60000}[39m
[debug] [35m[W3C (abac2f8e)][39m Calling AppiumDriver.timeouts() with args: [null,null,null,null,60000,"abac2f8e-ed10-42e6-a0b0-7cf2c3ee2fec"]
[debug] [35m[BaseDriver][39m W3C timeout argument: {"implicit":60000}}
[debug] [35m[BaseDriver][39m Set implicit wait to 60000ms
[debug] [35m[W3C (abac2f8e)][39m Responding to client with driver.timeouts() result: null
[35m[HTTP][39m [37m<-- POST /wd/hub/session/abac2f8e-ed10-42e6-a0b0-7cf2c3ee2fec/timeouts [39m[32m200[39m [90m10 ms - 14[39m
[35m[HTTP][39m [90m[39m
[35m[HTTP][39m [37m-->[39m [37mGET[39m [37m/wd/hub/session/abac2f8e-ed10-42e6-a0b0-7cf2c3ee2fec/screenshot[39m
[35m[HTTP][39m [90m{}[39m
[debug] [35m[W3C (abac2f8e)][39m Calling AppiumDriver.getScreenshot() with args: ["abac2f8e-ed10-42e6-a0b0-7cf2c3ee2fec"]
[debug] [35m[WD Proxy][39m Matched '/screenshot' to command name 'getScreenshot'
[debug] [35m[WD Proxy][39m Proxying [GET /screenshot] to [GET http://127.0.0.1:8203/wd/hub/session/8110a065-bd63-4b3c-aca8-8dfbc008073e/screenshot] with no body
[debug] [35m[WD Proxy][39m Got response with status 200: {"sessionId":"8110a065-bd63-4b3c-aca8-8dfbc008073e","value":"iVBORw0KGgoAAAANSUhEUgAABDgAAAlgCAYAAABtGofVAAAAAXNSR0IArs4c6QAAAARzQklUCAgI\nCHwIZIgAACAASURBVHic7N15fFT1vf/x95CNZCbskLBIWCKKogk7mCiCCrFYF4harDXpVVvvhfaK\nfbRwf25txXuN3hbqBdq61IR6XYn7EnBBZIJsygRRBMKSAGGIJIQw2bffH7lzzGQm+yThwOv5ePjA\nOXOW7wlD5pz3+X4/X0tdXV2dAAAAAAAATKxHdzcAAAAAAACgowg4AAAAAACA6RFwAAAAAAAA0yPg\nAAAAAAAApkfAAQAAAAAATI+AAwAAAAAAmB4BBwAAAAAAMD0CDgAAAAAAYHoEHAAAAAAAwPQIOAAA\nAAAAgOkRcAAAAAAAANMj4AAAAAAAAKZHwAEAAAAAAEyPgAMAAAAAAJgeAQcAAAAAADA9Ag4AAAAA\nAGB6BBwAAAAAAMD0CDgAAAAAAIDpEXAAAAAAAADTI+AAAAAAAACmR8ABAAAAAABMj4ADAAAAAACY\nHgEHAAAAAAAwPQIOAAAAAABgegQcAAAAAADA9Ag4AAAAAACA6RFwAAAAAAAA0yPgAAAAAAAApkfA\nAQAAAAAATI+AAwAAAAAAmB4BBwAAAAAAMD0CDgAAAAAAYHoEHAAAAAAAwPQIOAAAAAAAgOkRcAAA\nAAAAANMj4AAAAAAAAKZHwAEAAAAAAEyPgAMAAAAAAJgeAQcAAAAAADC9wO5uAIC2qaio0M6dOxUe\nHq6RI0cqLCysw/ssKyvTwYMHVVxcrAkTJigkJMQPLQUAAACArkPAgfOK0+lUZmamHA6HnE6nsrOz\nJUnR0dGKjIxUbGys4uLiFBkZ6XP7tLQ0ORwOxcfHa/78+V3ZdEnS1q1b9fHHH2vv3r0KCQnRPffc\no0mTJikgIKDd+6ypqdGuXbv0...
[debug] [35m[W3C (abac2f8e)][39m Responding to client with driver.getScreenshot() result: "iVBORw0KGgoAAAANSUhEUgAABDgAAAlgCAYAAABtGofVAAAAAXNSR0IArs4c6QAAAARzQklUCAgI\nCHwIZIgAACAASURBVHic7N15fFT1vf/x95CNZCbskLBIWCKKogk7mCiCCrFYF4harDXpVVvvhfaK\nfbRwf25txXuN3hbqBdq61IR6XYn7EnBBZIJsygRRBMKSAGGIJIQw2bffH7lzzGQm+yThwOv5ePjA\nOXOW7wlD5pz3+X4/X0tdXV2dAAAAAAAATKxHdzcAAAAAAACgowg4AAAAAACA6RFwAAAAAAAA0yPg\nAAAAAAAApkfAAQAAAAAATI+AAwAAAAAAmB4BBwAAAAAAMD0CDgAAAAAAYHoEHAAAAAAAwPQIOAAA\nAAAAgOkRcAAAAAAAANMj4AAAAAAAAKZHwAEAAAAAAEyPgAMAAAAAAJgeAQcAAAAAADA9Ag4AAAAA\nAGB6BBwAAAAAAMD0CDgAAAAAAIDpEXAAAAAAAADTI+AAAAAAAACmR8ABAAAAAABMj4ADAAAAAACY\nHgEHAAAAAAAwPQIOAAAAAABgegQcAAAAAADA9Ag4AAAAAACA6RFwAAAAAAAA0yPgAAAAAAAApkfA\nAQAAAAAATI+AAwAAAAAAmB4BBwAAAAAAMD0CDgAAAAAAYHoEHAAAAAAAwPQIOAAAAAAAgOkRcAAA\nAAAAANMj4AAAAAAAAKZHwAEAAAAAAEyPgAMAAAAAAJgeAQcAAAAAADC9wO5uAIC2qaio0M6dOxUe\nHq6RI0cqLCysw/ssKyvTwYMHVVxcrAkTJigkJMQPLQUAAACArkPAgfOK0+lUZmamHA6HnE6nsrOz\nJUnR0dGKjIxUbGys4uLiFBkZ6XP7tLQ0ORwOxcfHa/78+V3ZdEnS1q1b9fHHH2vv3r0KCQnRPffc\no0mTJikgIKDd+6ypqdGuXbv0/PPPq7y8XGPGjNF1112nqVOn+rHlAAAAANC5LHV1dXXd3Qigszmd\nTqWlpS...
[35m[HTTP][39m [37m<-- GET /wd/hub/session/abac2f8e-ed10-42e6-a0b0-7cf2c3ee2fec/screenshot [39m[32m200[39m [90m367 ms - 203992[39m
[35m[HTTP][39m [90m[39m
[35m[HTTP][39m [37m-->[39m [37mGET[39m [37m/wd/hub/session/abac2f8e-ed10-42e6-a0b0-7cf2c3ee2fec/window/rect[39m
[35m[HTTP][39m [90m{}[39m
[debug] [35m[W3C (abac2f8e)][39m Calling AppiumDriver.getWindowRect() with args: ["abac2f8e-ed10-42e6-a0b0-7cf2c3ee2fec"]
[debug] [35m[WD Proxy][39m Matched '/window/current/size' to command name 'getWindowSize'
[debug] [35m[WD Proxy][39m Proxying [GET /window/current/size] to [GET http://127.0.0.1:8203/wd/hub/session/8110a065-bd63-4b3c-aca8-8dfbc008073e/window/current/size] with no body
[debug] [35m[WD Proxy][39m Got response with status 200: {"sessionId":"8110a065-bd63-4b3c-aca8-8dfbc008073e","value":{"height":2265,"width":1080}}
[debug] [35m[W3C (abac2f8e)][39m Responding to client with driver.getWindowRect() result: {"width":1080,"height":2265,"x":0,"y":0}
[35m[HTTP][39m [37m<-- GET /wd/hub/session/abac2f8e-ed10-42e6-a0b0-7cf2c3ee2fec/window/rect [39m[32m200[39m [90m69 ms - 50[39m
[35m[HTTP][39m [90m[39m
[35m[HTTP][39m [37m-->[39m [37mGET[39m [37m/wd/hub/session/abac2f8e-ed10-42e6-a0b0-7cf2c3ee2fec/appium/device/system_bars[39m
[35m[HTTP][39m [90m{}[39m
[debug] [35m[W3C (abac2f8e)][39m Calling AppiumDriver.getSystemBars() with args: ["abac2f8e-ed10-42e6-a0b0-7cf2c3ee2fec"]
[debug] [35m[ADB][39m Running 'C:\Users\62851\AppData\Local\Android\Sdk\platform-tools\adb.exe -P 5037 -s 1f143258 shell dumpsys window windows'
[debug] [35m[W3C (abac2f8e)][39m Responding to client with driver.getSystemBars() result: {"statusBar":{"visible":true,"x":0,"y":0,"width":null,"height":1},"navigationBar":{"visible":true,"x":0,"y":0,"width":null,"height":1}}
[35m[HTTP][39m [37m<-- GET /wd/hub/session/abac2f8e-ed10-42e6-a0b0-7cf2c3ee2fec/appium/device/system_bars [39m[32m200[39m [90m286 ms - 145[39m
[35m[HTTP][39m [90m[39m
[35m[HTTP][39m [37m-->[39m [37mPOST[39m [37m/wd/hub/session/abac2f8e-ed10-42e6-a0b0-7cf2c3ee2fec/appium/device/activate_app[39m
[35m[HTTP][39m [90m{"bundleId":"com.kita.id"}[39m
[debug] [35m[W3C (abac2f8e)][39m Calling AppiumDriver.activateApp() with args: ["com.kita.id",null,null,null,"abac2f8e-ed10-42e6-a0b0-7cf2c3ee2fec"]
[debug] [35m[AndroidDriver][39m Activating 'com.kita.id' with 'adb shell monkey -p com.kita.id -c android.intent.category.LAUNCHER 1' command
[debug] [35m[ADB][39m Running 'C:\Users\62851\AppData\Local\Android\Sdk\platform-tools\adb.exe -P 5037 -s 1f143258 shell monkey -p com.kita.id -c android.intent.category.LAUNCHER 1'
[debug] [35m[AndroidDriver][39m Command stdout: bash arg: -p
[debug] [35m[AndroidDriver][39m   bash arg: com.kita.id
[debug] [35m[AndroidDriver][39m   bash arg: -c
[debug] [35m[AndroidDriver][39m   bash arg: android.intent.category.LAUNCHER
[debug] [35m[AndroidDriver][39m   bash arg: 1
[debug] [35m[AndroidDriver][39m Events injected: 1
[debug] [35m[AndroidDriver][39m ## Network stats: elapsed time=45ms (0ms mobile, 0ms wifi, 45ms not connected)
[debug] [35m[W3C (abac2f8e)][39m Responding to client with driver.activateApp() result: null
[35m[HTTP][39m [37m<-- POST /wd/hub/session/abac2f8e-ed10-42e6-a0b0-7cf2c3ee2fec/appium/device/activate_app [39m[32m200[39m [90m3552 ms - 14[39m
[35m[HTTP][39m [90m[39m
[35m[HTTP][39m [37m-->[39m [37mGET[39m [37m/wd/hub/session/abac2f8e-ed10-42e6-a0b0-7cf2c3ee2fec/source[39m
[35m[HTTP][39m [90m{}[39m
[35m[W3C (abac2f8e)][39m Driver proxy active, passing request on via HTTP proxy
[debug] [35m[WD Proxy][39m Matched '/wd/hub/session/abac2f8e-ed10-42e6-a0b0-7cf2c3ee2fec/source' to command name 'getPageSource'
[debug] [35m[WD Proxy][39m Proxying [GET /wd/hub/session/abac2f8e-ed10-42e6-a0b0-7cf2c3ee2fec/source] to [GET http://127.0.0.1:8203/wd/hub/session/8110a065-bd63-4b3c-aca8-8dfbc008073e/source] with no body
[debug] [35m[WD Proxy][39m Got response with status 200: {"sessionId":"8110a065-bd63-4b3c-aca8-8dfbc008073e","value":"<?xml version='1.0' encoding='UTF-8' standalone='yes' ?>\r\n<hierarchy index=\"0\" class=\"hierarchy\" rotation=\"0\" width=\"1080\" height=\"2265\">\r\n  <android.widget.FrameLayout index=\"0\" package=\"com.kita.id\" class=\"android.widget.FrameLayout\" text=\"\" checkable=\"false\" checked=\"false\" clickable=\"false\" enabled=\"true\" focusable=\"false\" focused=\"false\" long-clickable=\"false\" password=\"false\" scrollable=\"false\" selected=\"false\" bounds=\"[0,0][1080,2265]\" displayed=\"true\">\r\n    <android.widget.LinearLayout index=\"0\" package=\"com.kita.id\" class=\"android.widget.LinearLayout\" text=\"\" checkable=\"false\" checked=\"false\" clickable=\"false\" enabled=\"true\" focusable=\"false\" focused=\"false\" long-clickable=\"false\" password=\"false\" scrollable=\"false\" selected=\"false\" bounds=\"[0,0][1080,2265]\" displayed=\"true\">\r\n      <android.widget.FrameLayout index=\"0\" package=\"com.kita.id\" class=\"and...
[35m[WD Proxy][39m Replacing sessionId 8110a065-bd63-4b3c-aca8-8dfbc008073e with abac2f8e-ed10-42e6-a0b0-7cf2c3ee2fec
[35m[HTTP][39m [37m<-- GET /wd/hub/session/abac2f8e-ed10-42e6-a0b0-7cf2c3ee2fec/source [39m[32m200[39m [90m335 ms - 46476[39m
[35m[HTTP][39m [90m[39m
[35m[HTTP][39m [37m-->[39m [37mGET[39m [37m/wd/hub/session/abac2f8e-ed10-42e6-a0b0-7cf2c3ee2fec/screenshot[39m
[35m[HTTP][39m [90m{}[39m
[debug] [35m[W3C (abac2f8e)][39m Calling AppiumDriver.getScreenshot() with args: ["abac2f8e-ed10-42e6-a0b0-7cf2c3ee2fec"]
[debug] [35m[WD Proxy][39m Matched '/screenshot' to command name 'getScreenshot'
[debug] [35m[WD Proxy][39m Proxying [GET /screenshot] to [GET http://127.0.0.1:8203/wd/hub/session/8110a065-bd63-4b3c-aca8-8dfbc008073e/screenshot] with no body
[debug] [35m[WD Proxy][39m Got response with status 200: {"sessionId":"8110a065-bd63-4b3c-aca8-8dfbc008073e","value":"iVBORw0KGgoAAAANSUhEUgAABDgAAAlgCAYAAABtGofVAAAAAXNSR0IArs4c6QAAAARzQklUCAgI\nCHwIZIgAACAASURBVHic7N15dFzXfSf4771vqVdVALGQAElwBxeJoCRKpCjZlBzJNpXEbjLjLHLc\n48RJTzxOn07aSSbT7Z6TnrZ9ZhJ353RnOp3pOSdOtzuJ3enEyuZI8RJJiRctlkVKoiSA4r4JIIEi\nCRBAbW+5d/54tQJVQAFVBaDA7+ecOgAe6i3FAoH3vu93f1d0/+rXNYiIiIiIiIiIWphc7gMgIiIi\nIiIiIqoXAw4iIiIiIiIiankMOIiIiIiIiIio5THgICIiIiIiIqKWx4CDiIiIiIiIiFoeAw4iIiIi\nIiIiankMOIiIiIiIiIio5THgICIiIiIiIqKWx4CDiIiIiIiIiFoeAw4iIiIiIiIiankMOIiIiIiI\niIio5THgICIiIiIiIqKWx4CDiIiIiIiIiFoeAw4iIiIiIiIiankMOIiIiIiIiIio5THgICIiIiIi\nIqKWx4CDiIiIiIiIiFoeAw4iIiIiIiIiankMOIiIiIiIiIio5THgICIiIiIiIqKWx4CDiIiIiIiI\niFoeAw4iIiIiIiIiankMOIiIiIiIiIio5THgICIiIiIiIqKWx4CDiIiIiIiIiFoeAw4iIiIiIiIi\nankMOIiIiIiIiIio5THgICIiIiIiIqKWx4CDiIiIiIiIiFoeAw4iIiIiIiIiankMOIiIiIiIiIio\n5THgICIiIiIiIqKWx4CDiIiIiIiIiFoeAw4iIiIiIiIiankMOIiIiIiIiIio5THgICIiIiIiIqKW\nx4CDiIiIiIiIiFoeAw4iIiIiIiIiankMOIiIiIiIiIio5ZnLfQBEtECBB3/sPIQdhezYAGFG6t6k\n9l2o29eg3RTM3l2AYTXgQImI...
[debug] [35m[W3C (abac2f8e)][39m Responding to client with driver.getScreenshot() result: "iVBORw0KGgoAAAANSUhEUgAABDgAAAlgCAYAAABtGofVAAAAAXNSR0IArs4c6QAAAARzQklUCAgI\nCHwIZIgAACAASURBVHic7N15dFzXfSf4771vqVdVALGQAElwBxeJoCRKpCjZlBzJNpXEbjLjLHLc\n48RJTzxOn07aSSbT7Z6TnrZ9ZhJ353RnOp3pOSdOtzuJ3enEyuZI8RJJiRctlkVKoiSA4r4JIIEi\nCRBAbW+5d/54tQJVQAFVBaDA7+ecOgAe6i3FAoH3vu93f1d0/+rXNYiIiIiIiIiIWphc7gMgIiIi\nIiIiIqoXAw4iIiIiIiIiankMOIiIiIiIiIio5THgICIiIiIiIqKWx4CDiIiIiIiIiFoeAw4iIiIi\nIiIiankMOIiIiIiIiIio5THgICIiIiIiIqKWx4CDiIiIiIiIiFoeAw4iIiIiIiIiankMOIiIiIiI\niIio5THgICIiIiIiIqKWx4CDiIiIiIiIiFoeAw4iIiIiIiIiankMOIiIiIiIiIio5THgICIiIiIi\nIqKWx4CDiIiIiIiIiFoeAw4iIiIiIiIiankMOIiIiIiIiIio5THgICIiIiIiIqKWx4CDiIiIiIiI\niFoeAw4iIiIiIiIiankMOIiIiIiIiIio5THgICIiIiIiIqKWx4CDiIiIiIiIiFoeAw4iIiIiIiIi\nankMOIiIiIiIiIio5THgICIiIiIiIqKWx4CDiIiIiIiIiFoeAw4iIiIiIiIiankMOIiIiIiIiIio\n5THgICIiIiIiIqKWx4CDiIiIiIiIiFoeAw4iIiIiIiIiankMOIiIiIiIiIio5THgICIiIiIiIqKW\nx4CDiIiIiIiIiFoeAw4iIiIiIiIiankMOIiIiIiIiIio5ZnLfQBEtECBB3/sPIQdhezYAGFG6t6k\n9l2o29eg3RTM3l2AYTXgQImIiIiIiJYOAw66o6jkOPxrQwjGLkClbkFNXAMAyM6NkLFuGL39MDcO\nQMa7Kq...
[35m[HTTP][39m [37m<-- GET /wd/hub/session/abac2f8e-ed10-42e6-a0b0-7cf2c3ee2fec/screenshot [39m[32m200[39m [90m642 ms - 549638[39m
[35m[HTTP][39m [90m[39m
[35m[HTTP][39m [37m-->[39m [37mPOST[39m [37m/wd/hub/session/abac2f8e-ed10-42e6-a0b0-7cf2c3ee2fec/elements[39m
[35m[HTTP][39m [90m{"using":"xpath","value":"//*[@class = 'android.widget.ImageView' and (@text = '' or . = '')]"}[39m
[debug] [35m[W3C (abac2f8e)][39m Calling AppiumDriver.findElements() with args: ["xpath","//*[@class = 'android.widget.ImageView' and (@text = '' or . = '')]","abac2f8e-ed10-42e6-a0b0-7cf2c3ee2fec"]
[debug] [35m[BaseDriver][39m Valid locator strategies for this request: xpath, id, class name, accessibility id, css selector, -android uiautomator
[debug] [35m[BaseDriver][39m Waiting up to 60000 ms for condition
[debug] [35m[WD Proxy][39m Matched '/elements' to command name 'findElements'
[debug] [35m[WD Proxy][39m Proxying [POST /elements] to [POST http://127.0.0.1:8203/wd/hub/session/8110a065-bd63-4b3c-aca8-8dfbc008073e/elements] with body: {"strategy":"xpath","selector":"//*[@class = 'android.widget.ImageView' and (@text = '' or . = '')]","context":"","multiple":true}
[debug] [35m[WD Proxy][39m Got response with status 200: {"sessionId":"8110a065-bd63-4b3c-aca8-8dfbc008073e","value":[{"ELEMENT":"00000000-0000-0791-ffff-ffff0000005a","element-6066-11e4-a52e-4f735466cecf":"00000000-0000-0791-ffff-ffff0000005a"},{"ELEMENT":"00000000-0000-0791-ffff-ffff0000005b","element-6066-11e4-a52e-4f735466cecf":"00000000-0000-0791-ffff-ffff0000005b"},{"ELEMENT":"00000000-0000-0791-ffff-ffff0000005e","element-6066-11e4-a52e-4f735466cecf":"00000000-0000-0791-ffff-ffff0000005e"},{"ELEMENT":"00000000-0000-0791-ffff-ffff00000097","element-6066-11e4-a52e-4f735466cecf":"00000000-0000-0791-ffff-ffff00000097"},{"ELEMENT":"00000000-0000-0791-ffff-ffff0000009d","element-6066-11e4-a52e-4f735466cecf":"00000000-0000-0791-ffff-ffff0000009d"},{"ELEMENT":"00000000-0000-0791-ffff-ffff000000a0","element-6066-11e4-a52e-4f735466cecf":"00000000-0000-0791-ffff-ffff000000a0"},{"ELEMENT":"00000000-0000-0791-ffff-ffff000000a3","element-6066-11e4-a52e-4f735466cecf":"00000000-0000-0791-ffff-ffff000000a3"},{"ELEMENT":"00000000-0000-0791-ffff-ffff000000aa","element-6066-...
[debug] [35m[W3C (abac2f8e)][39m Responding to client with driver.findElements() result: [{"element-6066-11e4-a52e-4f735466cecf":"00000000-0000-0791-ffff-ffff0000005a","ELEMENT":"00000000-0000-0791-ffff-ffff0000005a"},{"element-6066-11e4-a52e-4f735466cecf":"00000000-0000-0791-ffff-ffff0000005b","ELEMENT":"00000000-0000-0791-ffff-ffff0000005b"},{"element-6066-11e4-a52e-4f735466cecf":"00000000-0000-0791-ffff-ffff0000005e","ELEMENT":"00000000-0000-0791-ffff-ffff0000005e"},{"element-6066-11e4-a52e-4f735466cecf":"00000000-0000-0791-ffff-ffff00000097","ELEMENT":"00000000-0000-0791-ffff-ffff00000097"},{"element-6066-11e4-a52e-4f735466cecf":"00000000-0000-0791-ffff-ffff0000009d","ELEMENT":"00000000-0000-0791-ffff-ffff0000009d"},{"element-6066-11e4-a52e-4f735466cecf":"00000000-0000-0791-ffff-ffff000000a0","ELEMENT":"00000000-0000-0791-ffff-ffff000000a0"},{"element-6066-11e4-a52e-4f735466cecf":"00000000-0000-0791-ffff-ffff000000a3","ELEMENT":"00000000-0000-0791-ffff-ffff000000a3"},{"element-6066-11e4-a52e-4f735466cecf":"00000000-0000-0791-ffff-ffff000000aa","ELEMENT":"00000000-0000-0791-ffff-ffff000000a...
[35m[HTTP][39m [37m<-- POST /wd/hub/session/abac2f8e-ed10-42e6-a0b0-7cf2c3ee2fec/elements [39m[32m200[39m [90m784 ms - 2571[39m
[35m[HTTP][39m [90m[39m
[35m[HTTP][39m [37m-->[39m [37mPOST[39m [37m/wd/hub/session/abac2f8e-ed10-42e6-a0b0-7cf2c3ee2fec/elements[39m
[35m[HTTP][39m [90m{"using":"-android uiautomator","value":"new UiSelector().className(\"android.widget.ImageView\")"}[39m
[debug] [35m[W3C (abac2f8e)][39m Calling AppiumDriver.findElements() with args: ["-android uiautomator","new UiSelector().className(\"android.widget.ImageView\")","abac2f8e-ed10-42e6-a0b0-7cf2c3ee2fec"]
[debug] [35m[BaseDriver][39m Valid locator strategies for this request: xpath, id, class name, accessibility id, css selector, -android uiautomator
[debug] [35m[BaseDriver][39m Waiting up to 60000 ms for condition
[debug] [35m[WD Proxy][39m Matched '/elements' to command name 'findElements'
[debug] [35m[WD Proxy][39m Proxying [POST /elements] to [POST http://127.0.0.1:8203/wd/hub/session/8110a065-bd63-4b3c-aca8-8dfbc008073e/elements] with body: {"strategy":"-android uiautomator","selector":"new UiSelector().className(\"android.widget.ImageView\")","context":"","multiple":true}
[debug] [35m[WD Proxy][39m Got response with status 200: {"sessionId":"8110a065-bd63-4b3c-aca8-8dfbc008073e","value":[{"ELEMENT":"00000000-0000-0791-ffff-ffff0000005a","element-6066-11e4-a52e-4f735466cecf":"00000000-0000-0791-ffff-ffff0000005a"},{"ELEMENT":"00000000-0000-0791-ffff-ffff0000005b","element-6066-11e4-a52e-4f735466cecf":"00000000-0000-0791-ffff-ffff0000005b"},{"ELEMENT":"00000000-0000-0791-ffff-ffff0000005e","element-6066-11e4-a52e-4f735466cecf":"00000000-0000-0791-ffff-ffff0000005e"},{"ELEMENT":"00000000-0000-0791-ffff-ffff00000097","element-6066-11e4-a52e-4f735466cecf":"00000000-0000-0791-ffff-ffff00000097"},{"ELEMENT":"00000000-0000-0791-ffff-ffff0000009d","element-6066-11e4-a52e-4f735466cecf":"00000000-0000-0791-ffff-ffff0000009d"},{"ELEMENT":"00000000-0000-0791-ffff-ffff000000a0","element-6066-11e4-a52e-4f735466cecf":"00000000-0000-0791-ffff-ffff000000a0"},{"ELEMENT":"00000000-0000-0791-ffff-ffff000000a3","element-6066-11e4-a52e-4f735466cecf":"00000000-0000-0791-ffff-ffff000000a3"},{"ELEMENT":"00000000-0000-0791-ffff-ffff000000aa","element-6066-...
[debug] [35m[W3C (abac2f8e)][39m Responding to client with driver.findElements() result: [{"element-6066-11e4-a52e-4f735466cecf":"00000000-0000-0791-ffff-ffff0000005a","ELEMENT":"00000000-0000-0791-ffff-ffff0000005a"},{"element-6066-11e4-a52e-4f735466cecf":"00000000-0000-0791-ffff-ffff0000005b","ELEMENT":"00000000-0000-0791-ffff-ffff0000005b"},{"element-6066-11e4-a52e-4f735466cecf":"00000000-0000-0791-ffff-ffff0000005e","ELEMENT":"00000000-0000-0791-ffff-ffff0000005e"},{"element-6066-11e4-a52e-4f735466cecf":"00000000-0000-0791-ffff-ffff00000097","ELEMENT":"00000000-0000-0791-ffff-ffff00000097"},{"element-6066-11e4-a52e-4f735466cecf":"00000000-0000-0791-ffff-ffff0000009d","ELEMENT":"00000000-0000-0791-ffff-ffff0000009d"},{"element-6066-11e4-a52e-4f735466cecf":"00000000-0000-0791-ffff-ffff000000a0","ELEMENT":"00000000-0000-0791-ffff-ffff000000a0"},{"element-6066-11e4-a52e-4f735466cecf":"00000000-0000-0791-ffff-ffff000000a3","ELEMENT":"00000000-0000-0791-ffff-ffff000000a3"},{"element-6066-11e4-a52e-4f735466cecf":"00000000-0000-0791-ffff-ffff000000aa","ELEMENT":"00000000-0000-0791-ffff-ffff000000a...
[35m[HTTP][39m [37m<-- POST /wd/hub/session/abac2f8e-ed10-42e6-a0b0-7cf2c3ee2fec/elements [39m[32m200[39m [90m328 ms - 2571[39m
[35m[HTTP][39m [90m[39m
[35m[HTTP][39m [37m-->[39m [37mGET[39m [37m/wd/hub/session/abac2f8e-ed10-42e6-a0b0-7cf2c3ee2fec/source[39m
[35m[HTTP][39m [90m{}[39m
[35m[W3C (abac2f8e)][39m Driver proxy active, passing request on via HTTP proxy
[debug] [35m[WD Proxy][39m Matched '/wd/hub/session/abac2f8e-ed10-42e6-a0b0-7cf2c3ee2fec/source' to command name 'getPageSource'
[debug] [35m[WD Proxy][39m Proxying [GET /wd/hub/session/abac2f8e-ed10-42e6-a0b0-7cf2c3ee2fec/source] to [GET http://127.0.0.1:8203/wd/hub/session/8110a065-bd63-4b3c-aca8-8dfbc008073e/source] with no body
[debug] [35m[WD Proxy][39m Got response with status 200: {"sessionId":"8110a065-bd63-4b3c-aca8-8dfbc008073e","value":"<?xml version='1.0' encoding='UTF-8' standalone='yes' ?>\r\n<hierarchy index=\"0\" class=\"hierarchy\" rotation=\"0\" width=\"1080\" height=\"2265\">\r\n  <android.widget.FrameLayout index=\"0\" package=\"com.kita.id\" class=\"android.widget.FrameLayout\" text=\"\" checkable=\"false\" checked=\"false\" clickable=\"false\" enabled=\"true\" focusable=\"false\" focused=\"false\" long-clickable=\"false\" password=\"false\" scrollable=\"false\" selected=\"false\" bounds=\"[0,0][1080,2265]\" displayed=\"true\">\r\n    <android.widget.LinearLayout index=\"0\" package=\"com.kita.id\" class=\"android.widget.LinearLayout\" text=\"\" checkable=\"false\" checked=\"false\" clickable=\"false\" enabled=\"true\" focusable=\"false\" focused=\"false\" long-clickable=\"false\" password=\"false\" scrollable=\"false\" selected=\"false\" bounds=\"[0,0][1080,2265]\" displayed=\"true\">\r\n      <android.widget.FrameLayout index=\"0\" package=\"com.kita.id\" class=\"and...
[35m[WD Proxy][39m Replacing sessionId 8110a065-bd63-4b3c-aca8-8dfbc008073e with abac2f8e-ed10-42e6-a0b0-7cf2c3ee2fec
[35m[HTTP][39m [37m<-- GET /wd/hub/session/abac2f8e-ed10-42e6-a0b0-7cf2c3ee2fec/source [39m[32m200[39m [90m165 ms - 15091[39m
[35m[HTTP][39m [90m[39m
[35m[HTTP][39m [37m-->[39m [37mGET[39m [37m/wd/hub/session/abac2f8e-ed10-42e6-a0b0-7cf2c3ee2fec/screenshot[39m
[35m[HTTP][39m [90m{}[39m
[debug] [35m[W3C (abac2f8e)][39m Calling AppiumDriver.getScreenshot() with args: ["abac2f8e-ed10-42e6-a0b0-7cf2c3ee2fec"]
[debug] [35m[WD Proxy][39m Matched '/screenshot' to command name 'getScreenshot'
[debug] [35m[WD Proxy][39m Proxying [GET /screenshot] to [GET http://127.0.0.1:8203/wd/hub/session/8110a065-bd63-4b3c-aca8-8dfbc008073e/screenshot] with no body
[debug] [35m[WD Proxy][39m Got response with status 200: {"sessionId":"8110a065-bd63-4b3c-aca8-8dfbc008073e","value":"iVBORw0KGgoAAAANSUhEUgAABDgAAAlgCAYAAABtGofVAAAAAXNSR0IArs4c6QAAAARzQklUCAgI\nCHwIZIgAACAASURBVHic7N1peGTXfSb295y71K0q7DvQO3ohG02yqV5IiaSGpNj0Irtt2RYVORpp\nJhmHcewZj/0h8WTyxJ8mk3g+JDPjfMgjJ+NYsice05ZHpixZYvPR1iRFsZtkkwRI9r5h3woF1HaX\nc/LhFgooVGGtAtCFfn8P+yFwUXdDVwP3vvec/1+0/O63NYiIiIiIiIiIapjc7gMgIiIiIiIiIqoU\nAw4iIiIiIiIiqnkMOIiIiIiIiIio5jHgICIiIiIiIqKax4CDiIiIiIiIiGoeAw4iIiIiIiIiqnkM\nOIiIiIiIiIio5jHgICIiIiIiIqKax4CDiIiIiIiIiGoeAw4iIiIiIiIiqnkMOIiIiIiIiIio5jHg\nICIiIiIiIqKax4CDiIiIiIiIiGoeAw4iIiIiIiIiqnkMOIiIiIiIiIio5jHgICIiIiIiIqKax4CD\niIiIiIiIiGoeAw4iIiIiIiIiqnkMOIiIiIiIiIio5jHgICIiIiIiIqKax4CDiIiIiIiIiGoeAw4i\nIiIiIiIiqnkMOIiIiIiIiIio5jHgICIiIiIiIqKax4CDiIiIiIiIiGoeAw4iIiIiIiIiqnkMOIiI\niIiIiIio5jHgICIiIiIiIqKax4CDiIiIiIiIiGoeAw4iIiIiIiIiqnkMOIiIiIiIiIio5jHgICIi\nIiIiIqKax4CDiIiIiIiIiGoeAw4iIiIiIiIiqnkMOIiIiIiIiIio5jHgICIiIiIiIqKax4CDiIiI\niIiIiGoeAw4iIiIiIiIiqnkMOIiIiIiIiIio5pnbfQBEtE6BB3/sGoQdhWzsgjAjFW9S+y7UzDC0\nm4bZcQgwrCocKBERERER0dZh...
[debug] [35m[W3C (abac2f8e)][39m Responding to client with driver.getScreenshot() result: "iVBORw0KGgoAAAANSUhEUgAABDgAAAlgCAYAAABtGofVAAAAAXNSR0IArs4c6QAAAARzQklUCAgI\nCHwIZIgAACAASURBVHic7N1peGTXfSb295y71K0q7DvQO3ohG02yqV5IiaSGpNj0Irtt2RYVORpp\nJhmHcewZj/0h8WTyxJ8mk3g+JDPjfMgjJ+NYsice05ZHpixZYvPR1iRFsZtkkwRI9r5h3woF1HaX\nc/LhFgooVGGtAtCFfn8P+yFwUXdDVwP3vvec/1+0/O63NYiIiIiIiIiIapjc7gMgIiIiIiIiIqoU\nAw4iIiIiIiIiqnkMOIiIiIiIiIio5jHgICIiIiIiIqKax4CDiIiIiIiIiGoeAw4iIiIiIiIiqnkM\nOIiIiIiIiIio5jHgICIiIiIiIqKax4CDiIiIiIiIiGoeAw4iIiIiIiIiqnkMOIiIiIiIiIio5jHg\nICIiIiIiIqKax4CDiIiIiIiIiGoeAw4iIiIiIiIiqnkMOIiIiIiIiIio5jHgICIiIiIiIqKax4CD\niIiIiIiIiGoeAw4iIiIiIiIiqnkMOIiIiIiIiIio5jHgICIiIiIiIqKax4CDiIiIiIiIiGoeAw4i\nIiIiIiIiqnkMOIiIiIiIiIio5jHgICIiIiIiIqKax4CDiIiIiIiIiGoeAw4iIiIiIiIiqnkMOIiI\niIiIiIio5jHgICIiIiIiIqKax4CDiIiIiIiIiGoeAw4iIiIiIiIiqnkMOIiIiIiIiIio5jHgICIi\nIiIiIqKax4CDiIiIiIiIiGoeAw4iIiIiIiIiqnkMOIiIiIiIiIio5jHgICIiIiIiIqKax4CDiIiI\niIiIiGoeAw4iIiIiIiIiqnkMOIiIiIiIiIio5pnbfQBEtE6BB3/sGoQdhWzsgjAjFW9S+y7UzDC0\nm4bZcQgwrCocKBERERER0dZhwEH3FZWahj88gGDsOlR6CioxDACQTd2QsRYYHb0wu/sg481l188N\nnEMwfh...
[35m[HTTP][39m [37m<-- GET /wd/hub/session/abac2f8e-ed10-42e6-a0b0-7cf2c3ee2fec/screenshot [39m[32m200[39m [90m470 ms - 108978[39m
[35m[HTTP][39m [90m[39m
[35m[HTTP][39m [37m-->[39m [37mPOST[39m [37m/wd/hub/session/abac2f8e-ed10-42e6-a0b0-7cf2c3ee2fec/elements[39m
[35m[HTTP][39m [90m{"using":"xpath","value":"//*[@class = 'android.widget.RelativeLayout' and @resource-id = 'com.kita.id:id/containerPocket' and (@text = '' or . = '')]"}[39m
[debug] [35m[W3C (abac2f8e)][39m Calling AppiumDriver.findElements() with args: ["xpath","//*[@class = 'android.widget.RelativeLayout' and @resource-id = 'com.kita.id:id/containerPocket' and (@text = '' or . = '')]","abac2f8e-ed10-42e6-a0b0-7cf2c3ee2fec"]
[debug] [35m[BaseDriver][39m Valid locator strategies for this request: xpath, id, class name, accessibility id, css selector, -android uiautomator
[debug] [35m[BaseDriver][39m Waiting up to 60000 ms for condition
[debug] [35m[WD Proxy][39m Matched '/elements' to command name 'findElements'
[debug] [35m[WD Proxy][39m Proxying [POST /elements] to [POST http://127.0.0.1:8203/wd/hub/session/8110a065-bd63-4b3c-aca8-8dfbc008073e/elements] with body: {"strategy":"xpath","selector":"//*[@class = 'android.widget.RelativeLayout' and @resource-id = 'com.kita.id:id/containerPocket' and (@text = '' or . = '')]","context":"","multiple":true}
[debug] [35m[WD Proxy][39m Got response with status 200: {"sessionId":"8110a065-bd63-4b3c-aca8-8dfbc008073e","value":[{"ELEMENT":"00000000-0000-079f-ffff-ffff000002a5","element-6066-11e4-a52e-4f735466cecf":"00000000-0000-079f-ffff-ffff000002a5"}]}
[debug] [35m[W3C (abac2f8e)][39m Responding to client with driver.findElements() result: [{"element-6066-11e4-a52e-4f735466cecf":"00000000-0000-079f-ffff-ffff000002a5","ELEMENT":"00000000-0000-079f-ffff-ffff000002a5"}]
[35m[HTTP][39m [37m<-- POST /wd/hub/session/abac2f8e-ed10-42e6-a0b0-7cf2c3ee2fec/elements [39m[32m200[39m [90m139 ms - 139[39m
[35m[HTTP][39m [90m[39m
[35m[HTTP][39m [37m-->[39m [37mGET[39m [37m/wd/hub/session/abac2f8e-ed10-42e6-a0b0-7cf2c3ee2fec/source[39m
[35m[HTTP][39m [90m{}[39m
[35m[W3C (abac2f8e)][39m Driver proxy active, passing request on via HTTP proxy
[debug] [35m[WD Proxy][39m Matched '/wd/hub/session/abac2f8e-ed10-42e6-a0b0-7cf2c3ee2fec/source' to command name 'getPageSource'
[debug] [35m[WD Proxy][39m Proxying [GET /wd/hub/session/abac2f8e-ed10-42e6-a0b0-7cf2c3ee2fec/source] to [GET http://127.0.0.1:8203/wd/hub/session/8110a065-bd63-4b3c-aca8-8dfbc008073e/source] with no body
[debug] [35m[WD Proxy][39m Got response with status 200: {"sessionId":"8110a065-bd63-4b3c-aca8-8dfbc008073e","value":"<?xml version='1.0' encoding='UTF-8' standalone='yes' ?>\r\n<hierarchy index=\"0\" class=\"hierarchy\" rotation=\"0\" width=\"1080\" height=\"2265\">\r\n  <android.widget.FrameLayout index=\"0\" package=\"com.kita.id\" class=\"android.widget.FrameLayout\" text=\"\" checkable=\"false\" checked=\"false\" clickable=\"false\" enabled=\"true\" focusable=\"false\" focused=\"false\" long-clickable=\"false\" password=\"false\" scrollable=\"false\" selected=\"false\" bounds=\"[0,0][1080,2265]\" displayed=\"true\">\r\n    <android.widget.LinearLayout index=\"0\" package=\"com.kita.id\" class=\"android.widget.LinearLayout\" text=\"\" checkable=\"false\" checked=\"false\" clickable=\"false\" enabled=\"true\" focusable=\"false\" focused=\"false\" long-clickable=\"false\" password=\"false\" scrollable=\"false\" selected=\"false\" bounds=\"[0,0][1080,2265]\" displayed=\"true\">\r\n      <android.widget.FrameLayout index=\"0\" package=\"com.kita.id\" class=\"and...
[35m[WD Proxy][39m Replacing sessionId 8110a065-bd63-4b3c-aca8-8dfbc008073e with abac2f8e-ed10-42e6-a0b0-7cf2c3ee2fec
[35m[HTTP][39m [37m<-- GET /wd/hub/session/abac2f8e-ed10-42e6-a0b0-7cf2c3ee2fec/source [39m[32m200[39m [90m167 ms - 16048[39m
[35m[HTTP][39m [90m[39m
[35m[HTTP][39m [37m-->[39m [37mGET[39m [37m/wd/hub/session/abac2f8e-ed10-42e6-a0b0-7cf2c3ee2fec/screenshot[39m
[35m[HTTP][39m [90m{}[39m
[debug] [35m[W3C (abac2f8e)][39m Calling AppiumDriver.getScreenshot() with args: ["abac2f8e-ed10-42e6-a0b0-7cf2c3ee2fec"]
[debug] [35m[WD Proxy][39m Matched '/screenshot' to command name 'getScreenshot'
[debug] [35m[WD Proxy][39m Proxying [GET /screenshot] to [GET http://127.0.0.1:8203/wd/hub/session/8110a065-bd63-4b3c-aca8-8dfbc008073e/screenshot] with no body
[debug] [35m[WD Proxy][39m Got response with status 200: {"sessionId":"8110a065-bd63-4b3c-aca8-8dfbc008073e","value":"iVBORw0KGgoAAAANSUhEUgAABDgAAAlgCAYAAABtGofVAAAAAXNSR0IArs4c6QAAAARzQklUCAgI\nCHwIZIgAACAASURBVHic7N1pcGTnfR76533POd2nu7HvwOyYhRwMyaFmISWSCklxaNmKxpYjjSJH\nkcqVuJTc68Rx8sVO3Ztb91Yludeuui4vN1/ke+OKZads07GiUJYscWhZEhdRnCE55ABDzoJZsW+N\nBno7y/veD6fRQKMba3cD05jnV2IJOOizYRrAOc953/9ftPz6dzSIiIiIiIiIiGqY3O4DICIiIiIi\nIiIqFwMOIiIiIiIiIqp5DDiIiIiIiIiIqOYx4CAiIiIiIiKimseAg4iIiIiIiIhqHgMOIiIiIiIi\nIqp5DDiIiIiIiIiIqOYx4CAiIiIiIiKimseAg4iIiIiIiIhqHgMOIiIiIiIiIqp5DDiIiIiIiIiI\nqOYx4CAiIiIiIiKimseAg4iIiIiIiIhqHgMOIiIiIiIiIqp5DDiIiIiIiIiIqOYx4CAiIiIiIiKi\nmseAg4iIiIiIiIhqHgMOIiIiIiIiIqp5DDiIiIiIiIiIqOYx4CAiIiIiIiKimseAg4iIiIiIiIhq\nHgMOIiIiIiIiIqp5DDiIiIiIiIiIqOYx4CAiIiIiIiKimseAg4iIiIiIiIhqHgMOIiIiIiIiIqp5\nDDiIiIiIiIiIqOYx4CAiIiIiIiKimseAg4iIiIiIiIhqHgMOIiIiIiIiIqp5DDiIiIiIiIiIqOYx\n4CAiIiIiIiKimseAg4iIiIiIiIhqHgMOIiIiIiIiIqp5DDiIiIiIiIiIqOYx4CAiIiIiIiKimseA\ng4iIiIiIiIhqHgMOIiIiIiIiIqp5DDiIiIiIiIiIqOaZ230ARLRBvgtv/AZEKALZ2AVhhsvepPYc\nqNkRaCcFs+MQYFgVOFAiIiIi...
[debug] [35m[W3C (abac2f8e)][39m Responding to client with driver.getScreenshot() result: "iVBORw0KGgoAAAANSUhEUgAABDgAAAlgCAYAAABtGofVAAAAAXNSR0IArs4c6QAAAARzQklUCAgI\nCHwIZIgAACAASURBVHic7N1pcGTnfR76533POd2nu7HvwOyYhRwMyaFmISWSCklxaNmKxpYjjSJH\nkcqVuJTc68Rx8sVO3Ztb91Yludeuui4vN1/ke+OKZads07GiUJYscWhZEhdRnCE55ABDzoJZsW+N\nBno7y/veD6fRQKMba3cD05jnV2IJOOizYRrAOc953/9ftPz6dzSIiIiIiIiIiGqY3O4DICIiIiIi\nIiIqFwMOIiIiIiIiIqp5DDiIiIiIiIiIqOYx4CAiIiIiIiKimseAg4iIiIiIiIhqHgMOIiIiIiIi\nIqp5DDiIiIiIiIiIqOYx4CAiIiIiIiKimseAg4iIiIiIiIhqHgMOIiIiIiIiIqp5DDiIiIiIiIiI\nqOYx4CAiIiIiIiKimseAg4iIiIiIiIhqHgMOIiIiIiIiIqp5DDiIiIiIiIiIqOYx4CAiIiIiIiKi\nmseAg4iIiIiIiIhqHgMOIiIiIiIiIqp5DDiIiIiIiIiIqOYx4CAiIiIiIiKimseAg4iIiIiIiIhq\nHgMOIiIiIiIiIqp5DDiIiIiIiIiIqOYx4CAiIiIiIiKimseAg4iIiIiIiIhqHgMOIiIiIiIiIqp5\nDDiIiIiIiIiIqOYx4CAiIiIiIiKimseAg4iIiIiIiIhqHgMOIiIiIiIiIqp5DDiIiIiIiIiIqOYx\n4CAiIiIiIiKimseAg4iIiIiIiIhqHgMOIiIiIiIiIqp5DDiIiIiIiIiIqOYx4CAiIiIiIiKimseA\ng4iIiIiIiIhqHgMOIiIiIiIiIqp5DDiIiIiIiIiIqOaZ230ARLRBvgtv/AZEKALZ2AVhhsvepPYc\nqNkRaCcFs+MQYFgVOFAiIiIiIqKtw4CDHigqOQNvZAD++CBUahoqPgIAkE3dkNEWGB29MLv7IGPN\nJdfPDp...
[35m[HTTP][39m [37m<-- GET /wd/hub/session/abac2f8e-ed10-42e6-a0b0-7cf2c3ee2fec/screenshot [39m[32m200[39m [90m486 ms - 112432[39m
[35m[HTTP][39m [90m[39m
[35m[HTTP][39m [37m-->[39m [37mPOST[39m [37m/wd/hub/session/abac2f8e-ed10-42e6-a0b0-7cf2c3ee2fec/elements[39m
[35m[HTTP][39m [90m{"using":"xpath","value":"//*[@class = 'android.widget.RelativeLayout' and @resource-id = 'com.kita.id:id/containerPocket' and (@text = '' or . = '')]"}[39m
[debug] [35m[W3C (abac2f8e)][39m Calling AppiumDriver.findElements() with args: ["xpath","//*[@class = 'android.widget.RelativeLayout' and @resource-id = 'com.kita.id:id/containerPocket' and (@text = '' or . = '')]","abac2f8e-ed10-42e6-a0b0-7cf2c3ee2fec"]
[debug] [35m[BaseDriver][39m Valid locator strategies for this request: xpath, id, class name, accessibility id, css selector, -android uiautomator
[debug] [35m[BaseDriver][39m Waiting up to 60000 ms for condition
[debug] [35m[WD Proxy][39m Matched '/elements' to command name 'findElements'
[debug] [35m[WD Proxy][39m Proxying [POST /elements] to [POST http://127.0.0.1:8203/wd/hub/session/8110a065-bd63-4b3c-aca8-8dfbc008073e/elements] with body: {"strategy":"xpath","selector":"//*[@class = 'android.widget.RelativeLayout' and @resource-id = 'com.kita.id:id/containerPocket' and (@text = '' or . = '')]","context":"","multiple":true}
[debug] [35m[WD Proxy][39m Got response with status 200: {"sessionId":"8110a065-bd63-4b3c-aca8-8dfbc008073e","value":[{"ELEMENT":"00000000-0000-07a0-ffff-ffff000002fc","element-6066-11e4-a52e-4f735466cecf":"00000000-0000-07a0-ffff-ffff000002fc"},{"ELEMENT":"00000000-0000-07a0-ffff-ffff00000302","element-6066-11e4-a52e-4f735466cecf":"00000000-0000-07a0-ffff-ffff00000302"},{"ELEMENT":"00000000-0000-07a0-ffff-ffff00000308","element-6066-11e4-a52e-4f735466cecf":"00000000-0000-07a0-ffff-ffff00000308"}]}
[debug] [35m[W3C (abac2f8e)][39m Responding to client with driver.findElements() result: [{"element-6066-11e4-a52e-4f735466cecf":"00000000-0000-07a0-ffff-ffff000002fc","ELEMENT":"00000000-0000-07a0-ffff-ffff000002fc"},{"element-6066-11e4-a52e-4f735466cecf":"00000000-0000-07a0-ffff-ffff00000302","ELEMENT":"00000000-0000-07a0-ffff-ffff00000302"},{"element-6066-11e4-a52e-4f735466cecf":"00000000-0000-07a0-ffff-ffff00000308","ELEMENT":"00000000-0000-07a0-ffff-ffff00000308"}]
[35m[HTTP][39m [37m<-- POST /wd/hub/session/abac2f8e-ed10-42e6-a0b0-7cf2c3ee2fec/elements [39m[32m200[39m [90m207 ms - 395[39m
[35m[HTTP][39m [90m[39m
[35m[HTTP][39m [37m-->[39m [37mPOST[39m [37m/wd/hub/session/abac2f8e-ed10-42e6-a0b0-7cf2c3ee2fec/elements[39m
[35m[HTTP][39m [90m{"using":"id","value":"com.kita.id:id/containerPocket"}[39m
[debug] [35m[W3C (abac2f8e)][39m Calling AppiumDriver.findElements() with args: ["id","com.kita.id:id/containerPocket","abac2f8e-ed10-42e6-a0b0-7cf2c3ee2fec"]
[debug] [35m[BaseDriver][39m Valid locator strategies for this request: xpath, id, class name, accessibility id, css selector, -android uiautomator
[debug] [35m[BaseDriver][39m Waiting up to 60000 ms for condition
[debug] [35m[WD Proxy][39m Matched '/elements' to command name 'findElements'
[debug] [35m[WD Proxy][39m Proxying [POST /elements] to [POST http://127.0.0.1:8203/wd/hub/session/8110a065-bd63-4b3c-aca8-8dfbc008073e/elements] with body: {"strategy":"id","selector":"com.kita.id:id/containerPocket","context":"","multiple":true}
[debug] [35m[WD Proxy][39m Got response with status 200: {"sessionId":"8110a065-bd63-4b3c-aca8-8dfbc008073e","value":[{"ELEMENT":"00000000-0000-07a0-ffff-ffff000002fc","element-6066-11e4-a52e-4f735466cecf":"00000000-0000-07a0-ffff-ffff000002fc"},{"ELEMENT":"00000000-0000-07a0-ffff-ffff00000302","element-6066-11e4-a52e-4f735466cecf":"00000000-0000-07a0-ffff-ffff00000302"},{"ELEMENT":"00000000-0000-07a0-ffff-ffff00000308","element-6066-11e4-a52e-4f735466cecf":"00000000-0000-07a0-ffff-ffff00000308"}]}
[debug] [35m[W3C (abac2f8e)][39m Responding to client with driver.findElements() result: [{"element-6066-11e4-a52e-4f735466cecf":"00000000-0000-07a0-ffff-ffff000002fc","ELEMENT":"00000000-0000-07a0-ffff-ffff000002fc"},{"element-6066-11e4-a52e-4f735466cecf":"00000000-0000-07a0-ffff-ffff00000302","ELEMENT":"00000000-0000-07a0-ffff-ffff00000302"},{"element-6066-11e4-a52e-4f735466cecf":"00000000-0000-07a0-ffff-ffff00000308","ELEMENT":"00000000-0000-07a0-ffff-ffff00000308"}]
[35m[HTTP][39m [37m<-- POST /wd/hub/session/abac2f8e-ed10-42e6-a0b0-7cf2c3ee2fec/elements [39m[32m200[39m [90m106 ms - 395[39m
[35m[HTTP][39m [90m[39m
[35m[HTTP][39m [37m-->[39m [37mPOST[39m [37m/wd/hub/session/abac2f8e-ed10-42e6-a0b0-7cf2c3ee2fec/elements[39m
[35m[HTTP][39m [90m{"using":"-android uiautomator","value":"new UiSelector().className(\"android.widget.RelativeLayout\").resourceId(\"com.kita.id:id/containerPocket\")"}[39m
[debug] [35m[W3C (abac2f8e)][39m Calling AppiumDriver.findElements() with args: ["-android uiautomator","new UiSelector().className(\"android.widget.RelativeLayout\").resourceId(\"com.kita.id:id/containerPocket\")","abac2f8e-ed10-42e6-a0b0-7cf2c3ee2fec"]
[debug] [35m[BaseDriver][39m Valid locator strategies for this request: xpath, id, class name, accessibility id, css selector, -android uiautomator
[debug] [35m[BaseDriver][39m Waiting up to 60000 ms for condition
[debug] [35m[WD Proxy][39m Matched '/elements' to command name 'findElements'
[debug] [35m[WD Proxy][39m Proxying [POST /elements] to [POST http://127.0.0.1:8203/wd/hub/session/8110a065-bd63-4b3c-aca8-8dfbc008073e/elements] with body: {"strategy":"-android uiautomator","selector":"new UiSelector().className(\"android.widget.RelativeLayout\").resourceId(\"com.kita.id:id/containerPocket\")","context":"","multiple":true}
[debug] [35m[WD Proxy][39m Got response with status 200: {"sessionId":"8110a065-bd63-4b3c-aca8-8dfbc008073e","value":[{"ELEMENT":"00000000-0000-07a0-ffff-ffff000002fc","element-6066-11e4-a52e-4f735466cecf":"00000000-0000-07a0-ffff-ffff000002fc"},{"ELEMENT":"00000000-0000-07a0-ffff-ffff00000302","element-6066-11e4-a52e-4f735466cecf":"00000000-0000-07a0-ffff-ffff00000302"},{"ELEMENT":"00000000-0000-07a0-ffff-ffff00000308","element-6066-11e4-a52e-4f735466cecf":"00000000-0000-07a0-ffff-ffff00000308"}]}
[debug] [35m[W3C (abac2f8e)][39m Responding to client with driver.findElements() result: [{"element-6066-11e4-a52e-4f735466cecf":"00000000-0000-07a0-ffff-ffff000002fc","ELEMENT":"00000000-0000-07a0-ffff-ffff000002fc"},{"element-6066-11e4-a52e-4f735466cecf":"00000000-0000-07a0-ffff-ffff00000302","ELEMENT":"00000000-0000-07a0-ffff-ffff00000302"},{"element-6066-11e4-a52e-4f735466cecf":"00000000-0000-07a0-ffff-ffff00000308","ELEMENT":"00000000-0000-07a0-ffff-ffff00000308"}]
[35m[HTTP][39m [37m<-- POST /wd/hub/session/abac2f8e-ed10-42e6-a0b0-7cf2c3ee2fec/elements [39m[32m200[39m [90m136 ms - 395[39m
[35m[HTTP][39m [90m[39m
[35m[HTTP][39m [37m-->[39m [37mGET[39m [37m/wd/hub/session/abac2f8e-ed10-42e6-a0b0-7cf2c3ee2fec/source[39m
[35m[HTTP][39m [90m{}[39m
[35m[W3C (abac2f8e)][39m Driver proxy active, passing request on via HTTP proxy
[debug] [35m[WD Proxy][39m Matched '/wd/hub/session/abac2f8e-ed10-42e6-a0b0-7cf2c3ee2fec/source' to command name 'getPageSource'
[debug] [35m[WD Proxy][39m Proxying [GET /wd/hub/session/abac2f8e-ed10-42e6-a0b0-7cf2c3ee2fec/source] to [GET http://127.0.0.1:8203/wd/hub/session/8110a065-bd63-4b3c-aca8-8dfbc008073e/source] with no body
[debug] [35m[WD Proxy][39m Got response with status 200: {"sessionId":"8110a065-bd63-4b3c-aca8-8dfbc008073e","value":"<?xml version='1.0' encoding='UTF-8' standalone='yes' ?>\r\n<hierarchy index=\"0\" class=\"hierarchy\" rotation=\"0\" width=\"1080\" height=\"2265\">\r\n  <android.widget.FrameLayout index=\"0\" package=\"com.kita.id\" class=\"android.widget.FrameLayout\" text=\"\" checkable=\"false\" checked=\"false\" clickable=\"false\" enabled=\"true\" focusable=\"false\" focused=\"false\" long-clickable=\"false\" password=\"false\" scrollable=\"false\" selected=\"false\" bounds=\"[0,0][1080,2265]\" displayed=\"true\">\r\n    <android.widget.LinearLayout index=\"0\" package=\"com.kita.id\" class=\"android.widget.LinearLayout\" text=\"\" checkable=\"false\" checked=\"false\" clickable=\"false\" enabled=\"true\" focusable=\"false\" focused=\"false\" long-clickable=\"false\" password=\"false\" scrollable=\"false\" selected=\"false\" bounds=\"[0,0][1080,2265]\" displayed=\"true\">\r\n      <android.widget.FrameLayout index=\"0\" package=\"com.kita.id\" class=\"and...
[35m[WD Proxy][39m Replacing sessionId 8110a065-bd63-4b3c-aca8-8dfbc008073e with abac2f8e-ed10-42e6-a0b0-7cf2c3ee2fec
[35m[HTTP][39m [37m<-- GET /wd/hub/session/abac2f8e-ed10-42e6-a0b0-7cf2c3ee2fec/source [39m[32m200[39m [90m81 ms - 15091[39m
[35m[HTTP][39m [90m[39m
[35m[HTTP][39m [37m-->[39m [37mGET[39m [37m/wd/hub/session/abac2f8e-ed10-42e6-a0b0-7cf2c3ee2fec/screenshot[39m
[35m[HTTP][39m [90m{}[39m
[debug] [35m[W3C (abac2f8e)][39m Calling AppiumDriver.getScreenshot() with args: ["abac2f8e-ed10-42e6-a0b0-7cf2c3ee2fec"]
[debug] [35m[WD Proxy][39m Matched '/screenshot' to command name 'getScreenshot'
[debug] [35m[WD Proxy][39m Proxying [GET /screenshot] to [GET http://127.0.0.1:8203/wd/hub/session/8110a065-bd63-4b3c-aca8-8dfbc008073e/screenshot] with no body
[debug] [35m[WD Proxy][39m Got response with status 200: {"sessionId":"8110a065-bd63-4b3c-aca8-8dfbc008073e","value":"iVBORw0KGgoAAAANSUhEUgAABDgAAAlgCAYAAABtGofVAAAAAXNSR0IArs4c6QAAAARzQklUCAgI\nCHwIZIgAACAASURBVHic7N1pdFxnfh74533vUreqsK8EuIOLRFAS1VwktaSOpBblpW3aHdvq6aTT\nbc/Eo3HsxLE/zDiTnPGnTMbOh5nEzsyZ087EjtvOZCy77bba7W6LOr1R6laLlESJhMR9BUDshQJq\nu8v7zodbKKBQhbWqABb4/I54hLqou4EgcO9z3/f/F22/8Q0NIiIiIiIiIqI6Jjf7AIiIiIiIiIiI\nKsWAg4iIiIiIiIjqHgMOIiIiIiIiIqp7DDiIiIiIiIiIqO4x4CAiIiIiIiKiuseAg4iIiIiIiIjq\nHgMOIiIiIiIiIqp7DDiIiIiIiIiIqO4x4CAiIiIiIiKiuseAg4iIiIiIiIjqHgMOIiIiIiIiIqp7\nDDiIiIiIiIiIqO4x4CAiIiIiIiKiuseAg4iIiIiIiIjqHgMOIiIiIiIiIqp7DDiIiIiIiIiIqO4x\n4CAiIiIiIiKiuseAg4iIiIiIiIjqHgMOIiIiIiIiIqp7DDiIiIiIiIiIqO4x4CAiIiIiIiKiuseA\ng4iIiIiIiIjqHgMOIiIiIiIiIqp7DDiIiIiIiIiIqO4x4CAiIiIiIiKiuseAg4iIiIiIiIjqHgMO\nIiIiIiIiIqp7DDiIiIiIiIiIqO4x4CAiIiIiIiKiuseAg4iIiIiIiIjqHgMOIiIiIiIiIqp7DDiI\niIiIiIiIqO4x4CAiIiIiIiKiuseAg4iIiIiIiIjqHgMOIiIiIiIiIqp7DDiIiIiIiIiIqO4x4CAi\nIiIiIiKiuseAg4iIiIiIiIjqHgMOIiIiIiIiIqp75mYfABGtUeDBH70GYUchm7dBmJGKN6l9F2p6\nGNpNw+zaDxhWFQ6UiIiIiIho...
[debug] [35m[W3C (abac2f8e)][39m Responding to client with driver.getScreenshot() result: "iVBORw0KGgoAAAANSUhEUgAABDgAAAlgCAYAAABtGofVAAAAAXNSR0IArs4c6QAAAARzQklUCAgI\nCHwIZIgAACAASURBVHic7N1pdFxnfh74533vUreqsK8EuIOLRFAS1VwktaSOpBblpW3aHdvq6aTT\nbc/Eo3HsxLE/zDiTnPGnTMbOh5nEzsyZ087EjtvOZCy77bba7W6LOr1R6laLlESJhMR9BUDshQJq\nu8v7zodbKKBQhbWqABb4/I54hLqou4EgcO9z3/f/F22/8Q0NIiIiIiIiIqI6Jjf7AIiIiIiIiIiI\nKsWAg4iIiIiIiIjqHgMOIiIiIiIiIqp7DDiIiIiIiIiIqO4x4CAiIiIiIiKiuseAg4iIiIiIiIjq\nHgMOIiIiIiIiIqp7DDiIiIiIiIiIqO4x4CAiIiIiIiKiuseAg4iIiIiIiIjqHgMOIiIiIiIiIqp7\nDDiIiIiIiIiIqO4x4CAiIiIiIiKiuseAg4iIiIiIiIjqHgMOIiIiIiIiIqp7DDiIiIiIiIiIqO4x\n4CAiIiIiIiKiuseAg4iIiIiIiIjqHgMOIiIiIiIiIqp7DDiIiIiIiIiIqO4x4CAiIiIiIiKiuseA\ng4iIiIiIiIjqHgMOIiIiIiIiIqp7DDiIiIiIiIiIqO4x4CAiIiIiIiKiuseAg4iIiIiIiIjqHgMO\nIiIiIiIiIqp7DDiIiIiIiIiIqO4x4CAiIiIiIiKiuseAg4iIiIiIiIjqHgMOIiIiIiIiIqp7DDiI\niIiIiIiIqO4x4CAiIiIiIiKiuseAg4iIiIiIiIjqHgMOIiIiIiIiIqp7DDiIiIiIiIiIqO4x4CAi\nIiIiIiKiuseAg4iIiIiIiIjqHgMOIiIiIiIiIqp75mYfABGtUeDBH70GYUchm7dBmJGKN6l9F2p6\nGNpNw+zaDxhWFQ6UiIiIiIho4zDgoAeKSk3BHx5AMHodKj0JlRgGAMiWHshYG4yuPpg9/ZDx1rLr\n5wZOIx...
[35m[HTTP][39m [37m<-- GET /wd/hub/session/abac2f8e-ed10-42e6-a0b0-7cf2c3ee2fec/screenshot [39m[32m200[39m [90m415 ms - 108602[39m
[35m[HTTP][39m [90m[39m
[35m[HTTP][39m [37m-->[39m [37mPOST[39m [37m/wd/hub/session/abac2f8e-ed10-42e6-a0b0-7cf2c3ee2fec/elements[39m
[35m[HTTP][39m [90m{"using":"xpath","value":"//*[@class = 'android.widget.EditText' and @resource-id = 'com.kita.id:id/txtnoPelangga' and (@text = '' or . = '')]"}[39m
[debug] [35m[W3C (abac2f8e)][39m Calling AppiumDriver.findElements() with args: ["xpath","//*[@class = 'android.widget.EditText' and @resource-id = 'com.kita.id:id/txtnoPelangga' and (@text = '' or . = '')]","abac2f8e-ed10-42e6-a0b0-7cf2c3ee2fec"]
[debug] [35m[BaseDriver][39m Valid locator strategies for this request: xpath, id, class name, accessibility id, css selector, -android uiautomator
[debug] [35m[BaseDriver][39m Waiting up to 60000 ms for condition
[debug] [35m[WD Proxy][39m Matched '/elements' to command name 'findElements'
[debug] [35m[WD Proxy][39m Proxying [POST /elements] to [POST http://127.0.0.1:8203/wd/hub/session/8110a065-bd63-4b3c-aca8-8dfbc008073e/elements] with body: {"strategy":"xpath","selector":"//*[@class = 'android.widget.EditText' and @resource-id = 'com.kita.id:id/txtnoPelangga' and (@text = '' or . = '')]","context":"","multiple":true}
[debug] [35m[WD Proxy][39m Got response with status 200: {"sessionId":"8110a065-bd63-4b3c-aca8-8dfbc008073e","value":[{"ELEMENT":"00000000-0000-079f-ffff-ffff000002b1","element-6066-11e4-a52e-4f735466cecf":"00000000-0000-079f-ffff-ffff000002b1"}]}
[debug] [35m[W3C (abac2f8e)][39m Responding to client with driver.findElements() result: [{"element-6066-11e4-a52e-4f735466cecf":"00000000-0000-079f-ffff-ffff000002b1","ELEMENT":"00000000-0000-079f-ffff-ffff000002b1"}]
[35m[HTTP][39m [37m<-- POST /wd/hub/session/abac2f8e-ed10-42e6-a0b0-7cf2c3ee2fec/elements [39m[32m200[39m [90m190 ms - 139[39m
[35m[HTTP][39m [90m[39m
[35m[HTTP][39m [37m-->[39m [37mPOST[39m [37m/wd/hub/session/abac2f8e-ed10-42e6-a0b0-7cf2c3ee2fec/elements[39m
[35m[HTTP][39m [90m{"using":"xpath","value":"//*[@class = 'android.widget.Button' and (@text = 'LANJUT' or . = 'LANJUT') and @resource-id = 'com.kita.id:id/btnNext']"}[39m
[debug] [35m[W3C (abac2f8e)][39m Calling AppiumDriver.findElements() with args: ["xpath","//*[@class = 'android.widget.Button' and (@text = 'LANJUT' or . = 'LANJUT') and @resource-id = 'com.kita.id:id/btnNext']","abac2f8e-ed10-42e6-a0b0-7cf2c3ee2fec"]
[debug] [35m[BaseDriver][39m Valid locator strategies for this request: xpath, id, class name, accessibility id, css selector, -android uiautomator
[debug] [35m[BaseDriver][39m Waiting up to 60000 ms for condition
[debug] [35m[WD Proxy][39m Matched '/elements' to command name 'findElements'
[debug] [35m[WD Proxy][39m Proxying [POST /elements] to [POST http://127.0.0.1:8203/wd/hub/session/8110a065-bd63-4b3c-aca8-8dfbc008073e/elements] with body: {"strategy":"xpath","selector":"//*[@class = 'android.widget.Button' and (@text = 'LANJUT' or . = 'LANJUT') and @resource-id = 'com.kita.id:id/btnNext']","context":"","multiple":true}
[debug] [35m[WD Proxy][39m Got response with status 200: {"sessionId":"8110a065-bd63-4b3c-aca8-8dfbc008073e","value":[{"ELEMENT":"00000000-0000-079f-ffff-ffff000002ba","element-6066-11e4-a52e-4f735466cecf":"00000000-0000-079f-ffff-ffff000002ba"}]}
[debug] [35m[W3C (abac2f8e)][39m Responding to client with driver.findElements() result: [{"element-6066-11e4-a52e-4f735466cecf":"00000000-0000-079f-ffff-ffff000002ba","ELEMENT":"00000000-0000-079f-ffff-ffff000002ba"}]
[35m[HTTP][39m [37m<-- POST /wd/hub/session/abac2f8e-ed10-42e6-a0b0-7cf2c3ee2fec/elements [39m[32m200[39m [90m134 ms - 139[39m
[35m[HTTP][39m [90m[39m
[35m[HTTP][39m [37m-->[39m [37mGET[39m [37m/wd/hub/session/abac2f8e-ed10-42e6-a0b0-7cf2c3ee2fec/source[39m
[35m[HTTP][39m [90m{}[39m
[35m[W3C (abac2f8e)][39m Driver proxy active, passing request on via HTTP proxy
[debug] [35m[WD Proxy][39m Matched '/wd/hub/session/abac2f8e-ed10-42e6-a0b0-7cf2c3ee2fec/source' to command name 'getPageSource'
[debug] [35m[WD Proxy][39m Proxying [GET /wd/hub/session/abac2f8e-ed10-42e6-a0b0-7cf2c3ee2fec/source] to [GET http://127.0.0.1:8203/wd/hub/session/8110a065-bd63-4b3c-aca8-8dfbc008073e/source] with no body
[debug] [35m[WD Proxy][39m Got response with status 200: {"sessionId":"8110a065-bd63-4b3c-aca8-8dfbc008073e","value":"<?xml version='1.0' encoding='UTF-8' standalone='yes' ?>\r\n<hierarchy index=\"0\" class=\"hierarchy\" rotation=\"0\" width=\"1080\" height=\"2265\">\r\n  <android.widget.FrameLayout index=\"0\" package=\"com.kita.id\" class=\"android.widget.FrameLayout\" text=\"\" checkable=\"false\" checked=\"false\" clickable=\"false\" enabled=\"true\" focusable=\"false\" focused=\"false\" long-clickable=\"false\" password=\"false\" scrollable=\"false\" selected=\"false\" bounds=\"[0,0][1080,2265]\" displayed=\"true\">\r\n    <android.widget.LinearLayout index=\"0\" package=\"com.kita.id\" class=\"android.widget.LinearLayout\" text=\"\" checkable=\"false\" checked=\"false\" clickable=\"false\" enabled=\"true\" focusable=\"false\" focused=\"false\" long-clickable=\"false\" password=\"false\" scrollable=\"false\" selected=\"false\" bounds=\"[0,0][1080,2265]\" displayed=\"true\">\r\n      <android.widget.FrameLayout index=\"0\" package=\"com.kita.id\" class=\"and...
[35m[WD Proxy][39m Replacing sessionId 8110a065-bd63-4b3c-aca8-8dfbc008073e with abac2f8e-ed10-42e6-a0b0-7cf2c3ee2fec
[35m[HTTP][39m [37m<-- GET /wd/hub/session/abac2f8e-ed10-42e6-a0b0-7cf2c3ee2fec/source [39m[32m200[39m [90m109 ms - 10603[39m
[35m[HTTP][39m [90m[39m
[35m[HTTP][39m [37m-->[39m [37mGET[39m [37m/wd/hub/session/abac2f8e-ed10-42e6-a0b0-7cf2c3ee2fec/screenshot[39m
[35m[HTTP][39m [90m{}[39m
[debug] [35m[W3C (abac2f8e)][39m Calling AppiumDriver.getScreenshot() with args: ["abac2f8e-ed10-42e6-a0b0-7cf2c3ee2fec"]
[debug] [35m[WD Proxy][39m Matched '/screenshot' to command name 'getScreenshot'
[debug] [35m[WD Proxy][39m Proxying [GET /screenshot] to [GET http://127.0.0.1:8203/wd/hub/session/8110a065-bd63-4b3c-aca8-8dfbc008073e/screenshot] with no body
[debug] [35m[WD Proxy][39m Got response with status 200: {"sessionId":"8110a065-bd63-4b3c-aca8-8dfbc008073e","value":"iVBORw0KGgoAAAANSUhEUgAABDgAAAlgCAYAAABtGofVAAAAAXNSR0IArs4c6QAAAARzQklUCAgI\nCHwIZIgAACAASURBVHic7N15cCTXfSf473uZWZVVhftsoG90o8lGk2yym01KJDXU0bQt2m3Jlklr\nQiONdz3BnV1P+IidCM+Ed72xsbuzMxP7x9jeXcdKnvGMZTsm3LZlmbJkiaR18RDZ3SSbJNBk3xeA\nxl1A3Xm8t39koYBCVeGqAtCF/n5CCjayKi92EZX5zfd+P9H2m9/WICIiIiIiIiKqY3KrD4CIiIiI\niIiIqFoMOIiIiIiIiIio7jHgICIiIiIiIqK6x4CDiIiIiIiIiOoeAw4iIiIiIiIiqnsMOIiIiIiI\niIio7jHgICIiIiIiIqK6x4CDiIiIiIiIiOoeAw4iIiIiIiIiqnsMOIiIiIiIiIio7jHgICIiIiIi\nIqK6x4CDiIiIiIiIiOoeAw4iIiIiIiIiqnsMOIiIiIiIiIio7jHgICIiIiIiIqK6x4CDiIiIiIiI\niOoeAw4iIiIiIiIiqnsMOIiIiIiIiIio7jHgICIiIiIiIqK6x4CDiIiIiIiIiOoeAw4iIiIiIiIi\nqnsMOIiIiIiIiIio7jHgICIiIiIiIqK6x4CDiIiIiIiIiOoeAw4iIiIiIiIiqnsMOIiIiIiIiIio\n7jHgICIiIiIiIqK6x4CDiIiIiIiIiOoeAw4iIiIiIiIiqnsMOIiIiIiIiIio7jHgICIiIiIiIqK6\nx4CDiIiIiIiIiOoeAw4iIiIiIiIiqnsMOIiIiIiIiIio7jHgICIiIiIiIqK6x4CDiIiIiIiIiOoe\nAw4iIiIiIiIiqnsMOIiIiIiIiIio7jHgICIiIiIiIqK6Z271ARDRGvkuvPErEKEIZPMOCDNc9Sa1\n50DNjkI7aZhdBwHDqsGBEhER...
[debug] [35m[W3C (abac2f8e)][39m Responding to client with driver.getScreenshot() result: "iVBORw0KGgoAAAANSUhEUgAABDgAAAlgCAYAAABtGofVAAAAAXNSR0IArs4c6QAAAARzQklUCAgI\nCHwIZIgAACAASURBVHic7N15cCTXfSf473uZWZVVhftsoG90o8lGk2yym01KJDXU0bQt2m3Jlklr\nQiONdz3BnV1P+IidCM+Ed72xsbuzMxP7x9jeXcdKnvGMZTsm3LZlmbJkiaR18RDZ3SSbJNBk3xeA\nxl1A3Xm8t39koYBCVeGqAtCF/n5CCjayKi92EZX5zfd+P9H2m9/WICIiIiIiIiKqY3KrD4CIiIiI\niIiIqFoMOIiIiIiIiIio7jHgICIiIiIiIqK6x4CDiIiIiIiIiOoeAw4iIiIiIiIiqnsMOIiIiIiI\niIio7jHgICIiIiIiIqK6x4CDiIiIiIiIiOoeAw4iIiIiIiIiqnsMOIiIiIiIiIio7jHgICIiIiIi\nIqK6x4CDiIiIiIiIiOoeAw4iIiIiIiIiqnsMOIiIiIiIiIio7jHgICIiIiIiIqK6x4CDiIiIiIiI\niOoeAw4iIiIiIiIiqnsMOIiIiIiIiIio7jHgICIiIiIiIqK6x4CDiIiIiIiIiOoeAw4iIiIiIiIi\nqnsMOIiIiIiIiIio7jHgICIiIiIiIqK6x4CDiIiIiIiIiOoeAw4iIiIiIiIiqnsMOIiIiIiIiIio\n7jHgICIiIiIiIqK6x4CDiIiIiIiIiOoeAw4iIiIiIiIiqnsMOIiIiIiIiIio7jHgICIiIiIiIqK6\nx4CDiIiIiIiIiOoeAw4iIiIiIiIiqnsMOIiIiIiIiIio7jHgICIiIiIiIqK6x4CDiIiIiIiIiOoe\nAw4iIiIiIiIiqnsMOIiIiIiIiIio7jHgICIiIiIiIqK6Z271ARDRGvkuvPErEKEIZPMOCDNc9Sa1\n50DNjkI7aZhdBwHDqsGBEhERERERbR4GHHRPUakZeKND8MevQqWnoeKjAADZ0gMZbYPR1QezZwAy\n1lp2/d...
[35m[HTTP][39m [37m<-- GET /wd/hub/session/abac2f8e-ed10-42e6-a0b0-7cf2c3ee2fec/screenshot [39m[32m200[39m [90m432 ms - 81892[39m
[35m[HTTP][39m [90m[39m
[35m[HTTP][39m [37m-->[39m [37mPOST[39m [37m/wd/hub/session/abac2f8e-ed10-42e6-a0b0-7cf2c3ee2fec/elements[39m
[35m[HTTP][39m [90m{"using":"xpath","value":"//*[@class = 'android.widget.EditText' and @resource-id = 'com.kita.id:id/txtNoHP' and (@text = '' or . = '')]"}[39m
[debug] [35m[W3C (abac2f8e)][39m Calling AppiumDriver.findElements() with args: ["xpath","//*[@class = 'android.widget.EditText' and @resource-id = 'com.kita.id:id/txtNoHP' and (@text = '' or . = '')]","abac2f8e-ed10-42e6-a0b0-7cf2c3ee2fec"]
[debug] [35m[BaseDriver][39m Valid locator strategies for this request: xpath, id, class name, accessibility id, css selector, -android uiautomator
[debug] [35m[BaseDriver][39m Waiting up to 60000 ms for condition
[debug] [35m[WD Proxy][39m Matched '/elements' to command name 'findElements'
[debug] [35m[WD Proxy][39m Proxying [POST /elements] to [POST http://127.0.0.1:8203/wd/hub/session/8110a065-bd63-4b3c-aca8-8dfbc008073e/elements] with body: {"strategy":"xpath","selector":"//*[@class = 'android.widget.EditText' and @resource-id = 'com.kita.id:id/txtNoHP' and (@text = '' or . = '')]","context":"","multiple":true}
[debug] [35m[WD Proxy][39m Got response with status 200: {"sessionId":"8110a065-bd63-4b3c-aca8-8dfbc008073e","value":[{"ELEMENT":"00000000-0000-07a1-ffff-ffff0000031f","element-6066-11e4-a52e-4f735466cecf":"00000000-0000-07a1-ffff-ffff0000031f"}]}
[debug] [35m[W3C (abac2f8e)][39m Responding to client with driver.findElements() result: [{"element-6066-11e4-a52e-4f735466cecf":"00000000-0000-07a1-ffff-ffff0000031f","ELEMENT":"00000000-0000-07a1-ffff-ffff0000031f"}]
[35m[HTTP][39m [37m<-- POST /wd/hub/session/abac2f8e-ed10-42e6-a0b0-7cf2c3ee2fec/elements [39m[32m200[39m [90m143 ms - 139[39m
[35m[HTTP][39m [90m[39m
[35m[HTTP][39m [37m-->[39m [37mGET[39m [37m/wd/hub/session/abac2f8e-ed10-42e6-a0b0-7cf2c3ee2fec/source[39m
[35m[HTTP][39m [90m{}[39m
[35m[W3C (abac2f8e)][39m Driver proxy active, passing request on via HTTP proxy
[debug] [35m[WD Proxy][39m Matched '/wd/hub/session/abac2f8e-ed10-42e6-a0b0-7cf2c3ee2fec/source' to command name 'getPageSource'
[debug] [35m[WD Proxy][39m Proxying [GET /wd/hub/session/abac2f8e-ed10-42e6-a0b0-7cf2c3ee2fec/source] to [GET http://127.0.0.1:8203/wd/hub/session/8110a065-bd63-4b3c-aca8-8dfbc008073e/source] with no body
[debug] [35m[WD Proxy][39m Got response with status 200: {"sessionId":"8110a065-bd63-4b3c-aca8-8dfbc008073e","value":"<?xml version='1.0' encoding='UTF-8' standalone='yes' ?>\r\n<hierarchy index=\"0\" class=\"hierarchy\" rotation=\"0\" width=\"1080\" height=\"2265\">\r\n  <android.widget.FrameLayout index=\"0\" package=\"com.kita.id\" class=\"android.widget.FrameLayout\" text=\"\" checkable=\"false\" checked=\"false\" clickable=\"false\" enabled=\"true\" focusable=\"false\" focused=\"false\" long-clickable=\"false\" password=\"false\" scrollable=\"false\" selected=\"false\" bounds=\"[0,0][1080,2265]\" displayed=\"true\">\r\n    <android.widget.LinearLayout index=\"0\" package=\"com.kita.id\" class=\"android.widget.LinearLayout\" text=\"\" checkable=\"false\" checked=\"false\" clickable=\"false\" enabled=\"true\" focusable=\"false\" focused=\"false\" long-clickable=\"false\" password=\"false\" scrollable=\"false\" selected=\"false\" bounds=\"[0,0][1080,2265]\" displayed=\"true\">\r\n      <android.widget.FrameLayout index=\"0\" package=\"com.kita.id\" class=\"and...
[35m[WD Proxy][39m Replacing sessionId 8110a065-bd63-4b3c-aca8-8dfbc008073e with abac2f8e-ed10-42e6-a0b0-7cf2c3ee2fec
[35m[HTTP][39m [37m<-- GET /wd/hub/session/abac2f8e-ed10-42e6-a0b0-7cf2c3ee2fec/source [39m[32m200[39m [90m422 ms - 15091[39m
[35m[HTTP][39m [90m[39m
[35m[HTTP][39m [37m-->[39m [37mGET[39m [37m/wd/hub/session/abac2f8e-ed10-42e6-a0b0-7cf2c3ee2fec/screenshot[39m
[35m[HTTP][39m [90m{}[39m
[debug] [35m[W3C (abac2f8e)][39m Calling AppiumDriver.getScreenshot() with args: ["abac2f8e-ed10-42e6-a0b0-7cf2c3ee2fec"]
[debug] [35m[WD Proxy][39m Matched '/screenshot' to command name 'getScreenshot'
[debug] [35m[WD Proxy][39m Proxying [GET /screenshot] to [GET http://127.0.0.1:8203/wd/hub/session/8110a065-bd63-4b3c-aca8-8dfbc008073e/screenshot] with no body
[debug] [35m[WD Proxy][39m Got response with status 200: {"sessionId":"8110a065-bd63-4b3c-aca8-8dfbc008073e","value":"iVBORw0KGgoAAAANSUhEUgAABDgAAAlgCAYAAABtGofVAAAAAXNSR0IArs4c6QAAAARzQklUCAgI\nCHwIZIgAACAASURBVHic7N1ZcGTXfSb475y75M1M7GsBtaMWslBkFVkLKS5qkmJRtmSXLVmmWg5Z\n6pnuHk5He8LtfrInJuZtpmd6Xqa7HdERIzu6ZyTb4TZtyzZlLWbREimuqiqyiiRQrH3DUtgTS253\nOWcebiKBRGZiTQCVqO8XUrBwkXfDlvd+95z/XzT93g81iIiIiIiIiIiqmNzsAyAiIiIiIiIiWisG\nHERERERERERU9RhwEBEREREREVHVY8BBRERERERERFWPAQcRERERERERVT0GHERERERERERU9Rhw\nEBEREREREVHVY8BBRERERERERFWPAQcRERERERERVT0GHERERERERERU9RhwEBEREREREVHVY8BB\nRERERERERFWPAQcRERERERERVT0GHERERERERERU9RhwEBEREREREVHVY8BBRERERERERFWPAQcR\nERERERERVT0GHERERERERERU9RhwEBEREREREVHVY8BBRERERERERFWPAQcRERERERERVT0GHERE\nRERERERU9RhwEBEREREREVHVY8BBRERERERERFWPAQcRERERERERVT0GHERERERERERU9RhwEBER\nEREREVHVY8BBRERERERERFWPAQcRERERERERVT0GHERERERERERU9RhwEBEREREREVHVY8BBRERE\nRERERFWPAQcRERERERERVT0GHERERERERERU9RhwEBEREREREVHVY8BBRERERERERFWPAQcRERER\nERERVT0GHERERERERERU9RhwEBEREREREVHVMzf7AIhohQIP/vB1CDsKWb8NwoyseZPad6EmB6Hd\nFMy2/YBhVeBAiYiIiIiINg4D...
[debug] [35m[W3C (abac2f8e)][39m Responding to client with driver.getScreenshot() result: "iVBORw0KGgoAAAANSUhEUgAABDgAAAlgCAYAAABtGofVAAAAAXNSR0IArs4c6QAAAARzQklUCAgI\nCHwIZIgAACAASURBVHic7N1ZcGTXfSb475y75M1M7GsBtaMWslBkFVkLKS5qkmJRtmSXLVmmWg5Z\n6pnuHk5He8LtfrInJuZtpmd6Xqa7HdERIzu6ZyTb4TZtyzZlLWbREimuqiqyiiRQrH3DUtgTS253\nOWcebiKBRGZiTQCVqO8XUrBwkXfDlvd+95z/XzT93g81iIiIiIiIiIiqmNzsAyAiIiIiIiIiWisG\nHERERERERERU9RhwEBEREREREVHVY8BBRERERERERFWPAQcRERERERERVT0GHERERERERERU9Rhw\nEBEREREREVHVY8BBRERERERERFWPAQcRERERERERVT0GHERERERERERU9RhwEBEREREREVHVY8BB\nRERERERERFWPAQcRERERERERVT0GHERERERERERU9RhwEBEREREREVHVY8BBRERERERERFWPAQcR\nERERERERVT0GHERERERERERU9RhwEBEREREREVHVY8BBRERERERERFWPAQcRERERERERVT0GHERE\nRERERERU9RhwEBEREREREVHVY8BBRERERERERFWPAQcRERERERERVT0GHERERERERERU9RhwEBER\nEREREVHVY8BBRERERERERFWPAQcRERERERERVT0GHERERERERERU9RhwEBEREREREVHVY8BBRERE\nRERERFWPAQcRERERERERVT0GHERERERERERU9RhwEBEREREREVHVY8BBRERERERERFWPAQcRERER\nERERVT0GHERERERERERU9RhwEBEREREREVHVMzf7AIhohQIP/vB1CDsKWb8NwoyseZPad6EmB6Hd\nFMy2/YBhVeBAiYiIiIiINg4DDnqgqOQE/MFeBMM3oFLjUIlBAIBs6ICMNcFo64LZ0Q0Zbyy5frb3\nDIKRGz...
[35m[HTTP][39m [37m<-- GET /wd/hub/session/abac2f8e-ed10-42e6-a0b0-7cf2c3ee2fec/screenshot [39m[32m200[39m [90m464 ms - 111426[39m
[35m[HTTP][39m [90m[39m
[35m[HTTP][39m [37m-->[39m [37mDELETE[39m [37m/wd/hub/session/abac2f8e-ed10-42e6-a0b0-7cf2c3ee2fec[39m
[35m[HTTP][39m [90m{}[39m
[debug] [35m[W3C (abac2f8e)][39m Calling AppiumDriver.deleteSession() with args: ["abac2f8e-ed10-42e6-a0b0-7cf2c3ee2fec"]
[debug] [35m[BaseDriver][39m Event 'quitSessionRequested' logged at 1691563784859 (13:49:44 GMT+0700 (Indochina Time))
[35m[Appium][39m Removing session abac2f8e-ed10-42e6-a0b0-7cf2c3ee2fec from our master session list
[debug] [35m[UiAutomator2][39m Deleting UiAutomator2 session
[debug] [35m[UiAutomator2][39m Deleting UiAutomator2 server session
[debug] [35m[WD Proxy][39m Matched '/' to command name 'deleteSession'
[debug] [35m[WD Proxy][39m Proxying [DELETE /] to [DELETE http://127.0.0.1:8203/wd/hub/session/8110a065-bd63-4b3c-aca8-8dfbc008073e] with no body
[debug] [35m[WD Proxy][39m Got response with status 200: {"sessionId":"8110a065-bd63-4b3c-aca8-8dfbc008073e","value":null}
[debug] [35m[ADB][39m Running 'C:\Users\62851\AppData\Local\Android\Sdk\platform-tools\adb.exe -P 5037 -s 1f143258 shell am force-stop com.android.settings'
[debug] [35m[Instrumentation][39m .
[debug] [35m[Instrumentation][39m Time: 251.189
[debug] [35m[Instrumentation][39m 
[debug] [35m[Instrumentation][39m OK (1 test)
[debug] [35m[Instrumentation][39m The process has exited with code 0
[debug] [35m[Logcat][39m Stopping logcat capture
[debug] [35m[ADB][39m Removing forwarded port socket connection: 8203 
[debug] [35m[ADB][39m Running 'C:\Users\62851\AppData\Local\Android\Sdk\platform-tools\adb.exe -P 5037 -s 1f143258 forward --remove tcp:8203'
[35m[UiAutomator2][39m Restoring hidden api policy to the device default configuration
[debug] [35m[ADB][39m Running 'C:\Users\62851\AppData\Local\Android\Sdk\platform-tools\adb.exe -P 5037 -s 1f143258 shell 'settings delete global hidden_api_policy_pre_p_apps;settings delete global hidden_api_policy_p_apps;settings delete global hidden_api_policy''
[debug] [35m[BaseDriver][39m Event 'quitSessionFinished' logged at 1691563788562 (13:49:48 GMT+0700 (Indochina Time))
[debug] [35m[W3C (abac2f8e)][39m Received response: null
[debug] [35m[W3C (abac2f8e)][39m But deleting session, so not returning
[debug] [35m[W3C (abac2f8e)][39m Responding to client with driver.deleteSession() result: null
[35m[HTTP][39m [37m<-- DELETE /wd/hub/session/abac2f8e-ed10-42e6-a0b0-7cf2c3ee2fec [39m[32m200[39m [90m3892 ms - 14[39m
[35m[HTTP][39m [90m[39m
