#
# There is insufficient memory for the Java Runtime Environment to continue.
# Native memory allocation (malloc) failed to allocate 531856 bytes for Chunk::new
# Possible reasons:
#   The system is out of physical RAM or swap space
#   The process is running with CompressedOops enabled, and the Java Heap may be blocking the growth of the native heap
# Possible solutions:
#   Reduce memory load on the system
#   Increase physical memory or swap space
#   Check if swap backing store is full
#   Decrease Java heap size (-Xmx/-Xms)
#   Decrease number of Java threads
#   Decrease Java thread stack sizes (-Xss)
#   Set larger code cache with -XX:ReservedCodeCacheSize=
#   JVM is running with Unscaled Compressed Oops mode in which the Java heap is
#     placed in the first 4GB address space. The Java Heap base address is the
#     maximum limit for the native heap growth. Please use -XX:HeapBaseMinAddress
#     to set the Java Heap base and to place the Java Heap above 4GB virtual address.
# This output file may be truncated or incomplete.
#
#  Out of Memory Error (allocation.cpp:389), pid=19752, tid=0x00000000000013cc
#
# JRE version: OpenJDK Runtime Environment (Zulu 8.52.0.23-CA-win64) (8.0_282-b08) (build 1.8.0_282-b08)
# Java VM: OpenJDK 64-Bit Server VM (25.282-b08 mixed mode windows-amd64 compressed oops)
# Failed to write core dump. Minidumps are not enabled by default on client versions of Windows
#

---------------  T H R E A D  ---------------

Current thread (0x000000001b702000):  JavaThread "C2 CompilerThread1" daemon [_thread_in_native, id=5068, stack(0x000000001c180000,0x000000001c280000)]

Stack: [0x000000001c180000,0x000000001c280000]
[error occurred during error reporting (printing stack bounds), id 0xc0000005]

Native frames: (J=compiled Java code, j=interpreted, Vv=VM code, C=native code)


Current CompileTask:
C2:   7751 1893  s!   4       sun.misc.URLClassPath::getLoader (243 bytes)


---------------  P R O C E S S  ---------------

Java Threads: ( => current thread )
  0x000000001b732000 JavaThread "Service Thread" daemon [_thread_blocked, id=25972, stack(0x000000001cd80000,0x000000001ce80000)]
  0x000000001b779800 JavaThread "C1 CompilerThread11" daemon [_thread_blocked, id=33632, stack(0x000000001cc80000,0x000000001cd80000)]
  0x000000001b77a000 JavaThread "C1 CompilerThread10" daemon [_thread_blocked, id=25568, stack(0x000000001cb80000,0x000000001cc80000)]
  0x000000001b774800 JavaThread "C1 CompilerThread9" daemon [_thread_blocked, id=22068, stack(0x000000001ca80000,0x000000001cb80000)]
  0x000000001b72d000 JavaThread "C1 CompilerThread8" daemon [_thread_blocked, id=28392, stack(0x000000001c880000,0x000000001c980000)]
  0x000000001b72c800 JavaThread "C2 CompilerThread7" daemon [_thread_blocked, id=23708, stack(0x000000001c780000,0x000000001c880000)]
  0x000000001b713800 JavaThread "C2 CompilerThread6" daemon [_thread_blocked, id=15684, stack(0x000000001c680000,0x000000001c780000)]
  0x000000001b712000 JavaThread "C2 CompilerThread5" daemon [_thread_blocked, id=16980, stack(0x000000001c580000,0x000000001c680000)]
  0x000000001b705800 JavaThread "C2 CompilerThread4" daemon [_thread_blocked, id=31328, stack(0x000000001c480000,0x000000001c580000)]
  0x000000001b704800 JavaThread "C2 CompilerThread3" daemon [_thread_in_native, id=29880, stack(0x000000001c380000,0x000000001c480000)]
  0x000000001b704000 JavaThread "C2 CompilerThread2" daemon [_thread_blocked, id=30708, stack(0x000000001c280000,0x000000001c380000)]
=>0x000000001b702000 JavaThread "C2 CompilerThread1" daemon [_thread_in_native, id=5068, stack(0x000000001c180000,0x000000001c280000)]
  0x000000001b6f7000 JavaThread "C2 CompilerThread0" daemon [_thread_blocked, id=20316, stack(0x000000001c080000,0x000000001c180000)]
  0x000000001b6f6800 JavaThread "Attach Listener" daemon [_thread_blocked, id=11428, stack(0x000000001bf80000,0x000000001c080000)]
  0x000000001b6ed000 JavaThread "Signal Dispatcher" daemon [_thread_blocked, id=32024, stack(0x000000001be80000,0x000000001bf80000)]
  0x00000000181cc000 JavaThread "Finalizer" daemon [_thread_blocked, id=16232, stack(0x000000001b480000,0x000000001b580000)]
  0x0000000019c16000 JavaThread "Reference Handler" daemon [_thread_blocked, id=20740, stack(0x000000001b380000,0x000000001b480000)]
  0x0000000002b5f000 JavaThread "main" [_thread_in_native, id=33612, stack(0x0000000002a50000,0x0000000002b50000)]

Other Threads:
  0x00000000181c2000 VMThread [stack: 0x000000001b280000,0x000000001b380000] [id=4516]
  0x000000001b74e000 WatcherThread [stack: 0x000000001ce80000,0x000000001cf80000] [id=33856]

VM state:not at safepoint (normal execution)

VM Mutex/Monitor currently owned by a thread: None

heap address: 0x0000000080000000, size: 2048 MB, Compressed Oops mode: 32-bit
Narrow klass base: 0x0000000000000000, Narrow klass shift: 3
Compressed class space size: 1073741824 Address: 0x0000000100000000

Heap:
 PSYoungGen      total 70144K, used 10084K [0x00000000d5580000, 0x00000000da280000, 0x0000000100000000)
  eden space 62464K, 5% used [0x00000000d5580000,0x00000000d5917840,0x00000000d9280000)
  from space 7680K, 83% used [0x00000000d9280000,0x00000000d98c1b98,0x00000000d9a00000)
  to   space 6656K, 0% used [0x00000000d9a00000,0x00000000d9a00000,0x00000000da080000)
 ParOldGen       total 84992K, used 5087K [0x0000000080000000, 0x0000000085300000, 0x00000000d5580000)
  object space 84992K, 5% used [0x0000000080000000,0x00000000804f7dc0,0x0000000085300000)
 Metaspace       used 20657K, capacity 20912K, committed 21120K, reserved 1069056K
  class space    used 2295K, capacity 2390K, committed 2432K, reserved 1048576K

Card table byte_map: [0x0000000012010000,0x0000000012420000] byte_map_base: 0x0000000011c10000

Marking Bits: (ParMarkBitMap*) 0x0000000076531f00
 Begin Bits: [0x00000000133d0000, 0x00000000153d0000)
 End Bits:   [0x00000000153d0000, 0x00000000173d0000)

Polling page: 0x0000000000fe0000

CodeCache: size=245760Kb used=9624Kb max_used=9635Kb free=236136Kb
 bounds [0x0000000002c50000, 0x00000000035c0000, 0x0000000011c50000]
 total_blobs=2508 nmethods=1893 adapters=523
 compilation: enabled

Compilation events (10 events):
Event: 7.714 Thread 0x000000001b774800 1895       3       sun.reflect.generics.scope.AbstractScope::<init> (10 bytes)
Event: 7.716 Thread 0x000000001b774800 nmethod 1895 0x00000000035a4490 code [0x00000000035a45e0, 0x00000000035a47b0]
Event: 7.733 Thread 0x000000001b712000 1896       4       java.lang.CharacterDataLatin1::isWhitespace (23 bytes)
Event: 7.736 Thread 0x000000001b713800 1897       4       java.util.HashMap::hash (20 bytes)
Event: 7.736 Thread 0x000000001b712000 nmethod 1896 0x00000000035bae10 code [0x00000000035baf40, 0x00000000035bafd8]
Event: 7.736 Thread 0x000000001b774800 1898       3       java.util.HashMap::get (23 bytes)
Event: 7.737 Thread 0x000000001b77a000 1899       3       sun.misc.ProxyGenerator::dotToSlash (9 bytes)
Event: 7.737 Thread 0x000000001b77a000 nmethod 1899 0x00000000035a4050 code [0x00000000035a41c0, 0x00000000035a43c8]
Event: 7.738 Thread 0x000000001b774800 nmethod 1898 0x00000000035bbe90 code [0x00000000035bc020, 0x00000000035bc418]
Event: 7.739 Thread 0x000000001b713800 nmethod 1897 0x00000000035a3d90 code [0x00000000035a3ee0, 0x00000000035a3f98]

GC Heap History (10 events):
Event: 1.438 GC heap before
{Heap before GC invocations=3 (full 0):
 PSYoungGen      total 36864K, used 36272K [0x00000000d5580000, 0x00000000d7e80000, 0x0000000100000000)
  eden space 31744K, 100% used [0x00000000d5580000,0x00000000d7480000,0x00000000d7480000)
  from space 5120K, 88% used [0x00000000d7980000,0x00000000d7dec030,0x00000000d7e80000)
  to   space 5120K, 0% used [0x00000000d7480000,0x00000000d7480000,0x00000000d7980000)
 ParOldGen       total 84992K, used 16K [0x0000000080000000, 0x0000000085300000, 0x00000000d5580000)
  object space 84992K, 0% used [0x0000000080000000,0x0000000080004000,0x0000000085300000)
 Metaspace       used 10393K, capacity 10518K, committed 10752K, reserved 1058816K
  class space    used 1149K, capacity 1209K, committed 1280K, reserved 1048576K
Event: 1.441 GC heap after
Heap after GC invocations=3 (full 0):
 PSYoungGen      total 36864K, used 5103K [0x00000000d5580000, 0x00000000d7e80000, 0x0000000100000000)
  eden space 31744K, 0% used [0x00000000d5580000,0x00000000d5580000,0x00000000d7480000)
  from space 5120K, 99% used [0x00000000d7480000,0x00000000d797be38,0x00000000d7980000)
  to   space 5120K, 0% used [0x00000000d7980000,0x00000000d7980000,0x00000000d7e80000)
 ParOldGen       total 84992K, used 24K [0x0000000080000000, 0x0000000085300000, 0x00000000d5580000)
  object space 84992K, 0% used [0x0000000080000000,0x0000000080006000,0x0000000085300000)
 Metaspace       used 10393K, capacity 10518K, committed 10752K, reserved 1058816K
  class space    used 1149K, capacity 1209K, committed 1280K, reserved 1048576K
}
Event: 1.629 GC heap before
{Heap before GC invocations=4 (full 0):
 PSYoungGen      total 36864K, used 36847K [0x00000000d5580000, 0x00000000d7e80000, 0x0000000100000000)
  eden space 31744K, 100% used [0x00000000d5580000,0x00000000d7480000,0x00000000d7480000)
  from space 5120K, 99% used [0x00000000d7480000,0x00000000d797be38,0x00000000d7980000)
  to   space 5120K, 0% used [0x00000000d7980000,0x00000000d7980000,0x00000000d7e80000)
 ParOldGen       total 84992K, used 24K [0x0000000080000000, 0x0000000085300000, 0x00000000d5580000)
  object space 84992K, 0% used [0x0000000080000000,0x0000000080006000,0x0000000085300000)
 Metaspace       used 11303K, capacity 11478K, committed 11776K, reserved 1060864K
  class space    used 1225K, capacity 1273K, committed 1280K, reserved 1048576K
Event: 1.634 GC heap after
Heap after GC invocations=4 (full 0):
 PSYoungGen      total 36864K, used 4993K [0x00000000d5580000, 0x00000000d9d80000, 0x0000000100000000)
  eden space 31744K, 0% used [0x00000000d5580000,0x00000000d5580000,0x00000000d7480000)
  from space 5120K, 97% used [0x00000000d7980000,0x00000000d7e605f8,0x00000000d7e80000)
  to   space 5120K, 0% used [0x00000000d7480000,0x00000000d7480000,0x00000000d7980000)
 ParOldGen       total 84992K, used 32K [0x0000000080000000, 0x0000000085300000, 0x00000000d5580000)
  object space 84992K, 0% used [0x0000000080000000,0x0000000080008000,0x0000000085300000)
 Metaspace       used 11303K, capacity 11478K, committed 11776K, reserved 1060864K
  class space    used 1225K, capacity 1273K, committed 1280K, reserved 1048576K
}
Event: 2.096 GC heap before
{Heap before GC invocations=5 (full 0):
 PSYoungGen      total 36864K, used 36737K [0x00000000d5580000, 0x00000000d9d80000, 0x0000000100000000)
  eden space 31744K, 100% used [0x00000000d5580000,0x00000000d7480000,0x00000000d7480000)
  from space 5120K, 97% used [0x00000000d7980000,0x00000000d7e605f8,0x00000000d7e80000)
  to   space 5120K, 0% used [0x00000000d7480000,0x00000000d7480000,0x00000000d7980000)
 ParOldGen       total 84992K, used 32K [0x0000000080000000, 0x0000000085300000, 0x00000000d5580000)
  object space 84992K, 0% used [0x0000000080000000,0x0000000080008000,0x0000000085300000)
 Metaspace       used 14002K, capacity 14170K, committed 14336K, reserved 1062912K
  class space    used 1451K, capacity 1507K, committed 1536K, reserved 1048576K
Event: 2.103 GC heap after
Heap after GC invocations=5 (full 0):
 PSYoungGen      total 36864K, used 5110K [0x00000000d5580000, 0x00000000da080000, 0x0000000100000000)
  eden space 31744K, 0% used [0x00000000d5580000,0x00000000d5580000,0x00000000d7480000)
  from space 5120K, 99% used [0x00000000d7480000,0x00000000d797db58,0x00000000d7980000)
  to   space 6656K, 0% used [0x00000000d9a00000,0x00000000d9a00000,0x00000000da080000)
 ParOldGen       total 84992K, used 1241K [0x0000000080000000, 0x0000000085300000, 0x00000000d5580000)
  object space 84992K, 1% used [0x0000000080000000,0x0000000080136648,0x0000000085300000)
 Metaspace       used 14002K, capacity 14170K, committed 14336K, reserved 1062912K
  class space    used 1451K, capacity 1507K, committed 1536K, reserved 1048576K
}
Event: 4.142 GC heap before
{Heap before GC invocations=6 (full 0):
 PSYoungGen      total 36864K, used 36854K [0x00000000d5580000, 0x00000000da080000, 0x0000000100000000)
  eden space 31744K, 100% used [0x00000000d5580000,0x00000000d7480000,0x00000000d7480000)
  from space 5120K, 99% used [0x00000000d7480000,0x00000000d797db58,0x00000000d7980000)
  to   space 6656K, 0% used [0x00000000d9a00000,0x00000000d9a00000,0x00000000da080000)
 ParOldGen       total 84992K, used 1241K [0x0000000080000000, 0x0000000085300000, 0x00000000d5580000)
  object space 84992K, 1% used [0x0000000080000000,0x0000000080136648,0x0000000085300000)
 Metaspace       used 16834K, capacity 17088K, committed 17280K, reserved 1064960K
  class space    used 1797K, capacity 1908K, committed 1920K, reserved 1048576K
Event: 4.188 GC heap after
Heap after GC invocations=6 (full 0):
 PSYoungGen      total 69120K, used 6627K [0x00000000d5580000, 0x00000000da280000, 0x0000000100000000)
  eden space 62464K, 0% used [0x00000000d5580000,0x00000000d5580000,0x00000000d9280000)
  from space 6656K, 99% used [0x00000000d9a00000,0x00000000da078f30,0x00000000da080000)
  to   space 7680K, 0% used [0x00000000d9280000,0x00000000d9280000,0x00000000d9a00000)
 ParOldGen       total 84992K, used 1792K [0x0000000080000000, 0x0000000085300000, 0x00000000d5580000)
  object space 84992K, 2% used [0x0000000080000000,0x00000000801c03f0,0x0000000085300000)
 Metaspace       used 16834K, capacity 17088K, committed 17280K, reserved 1064960K
  class space    used 1797K, capacity 1908K, committed 1920K, reserved 1048576K
}
Event: 7.398 GC heap before
{Heap before GC invocations=7 (full 0):
 PSYoungGen      total 69120K, used 69091K [0x00000000d5580000, 0x00000000da280000, 0x0000000100000000)
  eden space 62464K, 100% used [0x00000000d5580000,0x00000000d9280000,0x00000000d9280000)
  from space 6656K, 99% used [0x00000000d9a00000,0x00000000da078f30,0x00000000da080000)
  to   space 7680K, 0% used [0x00000000d9280000,0x00000000d9280000,0x00000000d9a00000)
 ParOldGen       total 84992K, used 1792K [0x0000000080000000, 0x0000000085300000, 0x00000000d5580000)
  object space 84992K, 2% used [0x0000000080000000,0x00000000801c03f0,0x0000000085300000)
 Metaspace       used 20239K, capacity 20490K, committed 20864K, reserved 1067008K
  class space    used 2238K, capacity 2357K, committed 2432K, reserved 1048576K
Event: 7.422 GC heap after
Heap after GC invocations=7 (full 0):
 PSYoungGen      total 70144K, used 6406K [0x00000000d5580000, 0x00000000da280000, 0x0000000100000000)
  eden space 62464K, 0% used [0x00000000d5580000,0x00000000d5580000,0x00000000d9280000)
  from space 7680K, 83% used [0x00000000d9280000,0x00000000d98c1b98,0x00000000d9a00000)
  to   space 6656K, 0% used [0x00000000d9a00000,0x00000000d9a00000,0x00000000da080000)
 ParOldGen       total 84992K, used 5087K [0x0000000080000000, 0x0000000085300000, 0x00000000d5580000)
  object space 84992K, 5% used [0x0000000080000000,0x00000000804f7dc0,0x0000000085300000)
 Metaspace       used 20239K, capacity 20490K, committed 20864K, reserved 1067008K
  class space    used 2238K, capacity 2357K, committed 2432K, reserved 1048576K
}

Deoptimization events (10 events):
Event: 3.038 Thread 0x0000000002b5f000 Uncommon trap: reason=unstable_if action=reinterpret pc=0x00000000030e3494 method=java.util.BitSet.get(I)Z @ 60
Event: 3.325 Thread 0x0000000002b5f000 Uncommon trap: reason=unstable_if action=reinterpret pc=0x00000000033f8edc method=java.util.jar.Manifest$FastInputStream.peek()B @ 23
Event: 4.791 Thread 0x0000000002b5f000 Uncommon trap: reason=unstable_if action=reinterpret pc=0x0000000003382928 method=java.lang.Integer.parseInt(Ljava/lang/String;I)I @ 122
Event: 4.818 Thread 0x0000000002b5f000 Uncommon trap: reason=class_check action=maybe_recompile pc=0x000000000306c218 method=java.io.BufferedInputStream.read([BII)I @ 101
Event: 4.889 Thread 0x0000000002b5f000 Uncommon trap: reason=unstable_if action=reinterpret pc=0x000000000306c040 method=java.io.DataInputStream.readUTF(Ljava/io/DataInput;)Ljava/lang/String; @ 31
Event: 4.956 Thread 0x0000000002b5f000 Uncommon trap: reason=unstable_if action=reinterpret pc=0x00000000034a21e0 method=sun.misc.URLClassPath$FileLoader.getResource(Ljava/lang/String;Z)Lsun/misc/Resource; @ 139
Event: 4.985 Thread 0x0000000002b5f000 Uncommon trap: reason=unstable_if action=reinterpret pc=0x000000000324f3a4 method=java.io.WinNTFileSystem.prefixLength(Ljava/lang/String;)I @ 42
Event: 7.314 Thread 0x0000000002b5f000 Uncommon trap: reason=unstable_if action=reinterpret pc=0x000000000303f6d8 method=java.io.WinNTFileSystem.normalize(Ljava/lang/String;II)Ljava/lang/String; @ 8
Event: 7.736 Thread 0x0000000002b5f000 Uncommon trap: reason=unstable_if action=reinterpret pc=0x00000000030f802c method=java.util.HashMap.getNode(ILjava/lang/Object;)Ljava/util/HashMap$Node; @ 129
Event: 7.736 Thread 0x0000000002b5f000 Uncommon trap: reason=bimorphic action=maybe_recompile pc=0x0000000003385c1c method=java.util.HashMap.putVal(ILjava/lang/Object;Ljava/lang/Object;ZZ)Ljava/lang/Object; @ 203

Classes redefined (0 events):
No events

Internal exceptions (10 events):
Event: 7.046 Thread 0x0000000002b5f000 Exception <a 'java/lang/ClassNotFoundException': org/codehaus/groovy/ast/AnnotationNodeBeanInfo> (0x00000000d8987088) thrown at [C:\jenkins\workspace\zulu8-silver-build-win64\zulu-src\hotspot\src\share\vm\classfile\systemDictionary.cpp, line 220]
Event: 7.051 Thread 0x0000000002b5f000 Exception <a 'java/lang/ClassNotFoundException': org/codehaus/groovy/ast/ASTNodeBeanInfo> (0x00000000d8a30b60) thrown at [C:\jenkins\workspace\zulu8-silver-build-win64\zulu-src\hotspot\src\share\vm\classfile\systemDictionary.cpp, line 220]
Event: 7.060 Thread 0x0000000002b5f000 Exception <a 'java/lang/ClassNotFoundException': org/codehaus/groovy/ast/ASTNodeCustomizer> (0x00000000d8adbb08) thrown at [C:\jenkins\workspace\zulu8-silver-build-win64\zulu-src\hotspot\src\share\vm\classfile\systemDictionary.cpp, line 220]
Event: 7.092 Thread 0x0000000002b5f000 Exception <a 'java/lang/ClassNotFoundException': org/codehaus/groovy/ast/AnnotationNodeCustomizer> (0x00000000d8ba3380) thrown at [C:\jenkins\workspace\zulu8-silver-build-win64\zulu-src\hotspot\src\share\vm\classfile\systemDictionary.cpp, line 220]
Event: 7.156 Thread 0x0000000002b5f000 Exception <a 'java/lang/ClassNotFoundException': com/kms/katalon/core/testcase/TestCaseBindingBeanInfo> (0x00000000d8cc8ef8) thrown at [C:\jenkins\workspace\zulu8-silver-build-win64\zulu-src\hotspot\src\share\vm\classfile\systemDictionary.cpp, line 220]
Event: 7.163 Thread 0x0000000002b5f000 Exception <a 'java/lang/ClassNotFoundException': com/kms/katalon/core/testcase/TestCaseBindingCustomizer> (0x00000000d8d4cb38) thrown at [C:\jenkins\workspace\zulu8-silver-build-win64\zulu-src\hotspot\src\share\vm\classfile\systemDictionary.cpp, line 220]
Event: 7.177 Thread 0x0000000002b5f000 Exception <a 'java/lang/ClassNotFoundException': com/kms/katalon/core/model/FailureHandlingBeanInfo> (0x00000000d8e0ad50) thrown at [C:\jenkins\workspace\zulu8-silver-build-win64\zulu-src\hotspot\src\share\vm\classfile\systemDictionary.cpp, line 220]
Event: 7.183 Thread 0x0000000002b5f000 Exception <a 'java/lang/ClassNotFoundException': java/lang/EnumBeanInfo> (0x00000000d8e44bf0) thrown at [C:\jenkins\workspace\zulu8-silver-build-win64\zulu-src\hotspot\src\share\vm\classfile\systemDictionary.cpp, line 220]
Event: 7.188 Thread 0x0000000002b5f000 Exception <a 'java/lang/ClassNotFoundException': java/lang/EnumCustomizer> (0x00000000d8e80a38) thrown at [C:\jenkins\workspace\zulu8-silver-build-win64\zulu-src\hotspot\src\share\vm\classfile\systemDictionary.cpp, line 220]
Event: 7.200 Thread 0x0000000002b5f000 Exception <a 'java/lang/ClassNotFoundException': com/kms/katalon/core/model/FailureHandlingCustomizer> (0x00000000d8f07a40) thrown at [C:\jenkins\workspace\zulu8-silver-build-win64\zulu-src\hotspot\src\share\vm\classfile\systemDictionary.cpp, line 220]

Events (10 events):
Event: 7.657 loading class java/util/concurrent/ThreadFactory done
Event: 7.657 loading class java/util/concurrent/Executors$DefaultThreadFactory done
Event: 7.662 loading class android/util/Log
Event: 7.662 loading class android/util/Log done
Event: 7.735 Thread 0x0000000002b5f000 Uncommon trap: trap_request=0xffffff65 fr.pc=0x00000000030f802c
Event: 7.736 Thread 0x0000000002b5f000 DEOPT PACKING pc=0x00000000030f802c sp=0x0000000002b4cba0
Event: 7.736 Thread 0x0000000002b5f000 DEOPT UNPACKING pc=0x0000000002c9567b sp=0x0000000002b4cab0 mode 2
Event: 7.736 Thread 0x0000000002b5f000 Uncommon trap: trap_request=0xffffffc6 fr.pc=0x0000000003385c1c
Event: 7.736 Thread 0x0000000002b5f000 DEOPT PACKING pc=0x0000000003385c1c sp=0x0000000002b4cb70
Event: 7.736 Thread 0x0000000002b5f000 DEOPT UNPACKING pc=0x0000000002c9567b sp=0x0000000002b4ca80 mode 2


Dynamic libraries:
0x00007ff7c6ef0000 - 0x00007ff7c6f25000 	D:\Katalon_Studio_PE\Katalon_Studio_PE_Windows_64-8.5.2\jre\bin\javaw.exe
0x00007ff969d50000 - 0x00007ff969f64000 	C:\WINDOWS\SYSTEM32\ntdll.dll
0x00007ff9690e0000 - 0x00007ff9691a2000 	C:\WINDOWS\System32\KERNEL32.DLL
0x00007ff9673e0000 - 0x00007ff967783000 	C:\WINDOWS\System32\KERNELBASE.dll
0x00007ff968d60000 - 0x00007ff968e0e000 	C:\WINDOWS\System32\ADVAPI32.dll
0x00007ff968cb0000 - 0x00007ff968d57000 	C:\WINDOWS\System32\msvcrt.dll
0x00007ff969030000 - 0x00007ff9690d4000 	C:\WINDOWS\System32\sechost.dll
0x00007ff968e10000 - 0x00007ff968f27000 	C:\WINDOWS\System32\RPCRT4.dll
0x00007ff969590000 - 0x00007ff96973b000 	C:\WINDOWS\System32\USER32.dll
0x00007ff967a80000 - 0x00007ff967aa6000 	C:\WINDOWS\System32\win32u.dll
0x00007ff969ad0000 - 0x00007ff969af9000 	C:\WINDOWS\System32\GDI32.dll
0x00007ff967150000 - 0x00007ff967269000 	C:\WINDOWS\System32\gdi32full.dll
0x00007ff967790000 - 0x00007ff96782a000 	C:\WINDOWS\System32\msvcp_win.dll
0x00007ff967960000 - 0x00007ff967a71000 	C:\WINDOWS\System32\ucrtbase.dll
0x00007ff94e5d0000 - 0x00007ff94e85e000 	C:\WINDOWS\WinSxS\amd64_microsoft.windows.common-controls_6595b64144ccf1df_6.0.22621.1635_none_270f70857386168e\COMCTL32.dll
0x00007ff969310000 - 0x00007ff969341000 	C:\WINDOWS\System32\IMM32.DLL
0x00000000759b0000 - 0x0000000075a82000 	D:\Katalon_Studio_PE\Katalon_Studio_PE_Windows_64-8.5.2\jre\bin\msvcr100.dll
0x0000000075cf0000 - 0x00000000765b5000 	D:\Katalon_Studio_PE\Katalon_Studio_PE_Windows_64-8.5.2\jre\bin\server\jvm.dll
0x00007ff969b00000 - 0x00007ff969b08000 	C:\WINDOWS\System32\PSAPI.DLL
0x00007ff954c50000 - 0x00007ff954c5a000 	C:\WINDOWS\SYSTEM32\VERSION.dll
0x00007ff95f550000 - 0x00007ff95f559000 	C:\WINDOWS\SYSTEM32\WSOCK32.dll
0x00007ff95c6e0000 - 0x00007ff95c714000 	C:\WINDOWS\SYSTEM32\WINMM.dll
0x00007ff969290000 - 0x00007ff969301000 	C:\WINDOWS\System32\WS2_32.dll
0x00007ff95f540000 - 0x00007ff95f54f000 	D:\Katalon_Studio_PE\Katalon_Studio_PE_Windows_64-8.5.2\jre\bin\verify.dll
0x00007ff95c7c0000 - 0x00007ff95c7e9000 	D:\Katalon_Studio_PE\Katalon_Studio_PE_Windows_64-8.5.2\jre\bin\java.dll
0x00007ff95ef50000 - 0x00007ff95ef66000 	D:\Katalon_Studio_PE\Katalon_Studio_PE_Windows_64-8.5.2\jre\bin\zip.dll
0x00007ff9682a0000 - 0x00007ff968a9a000 	C:\WINDOWS\System32\SHELL32.dll
0x00007ff965110000 - 0x00007ff9659de000 	C:\WINDOWS\SYSTEM32\windows.storage.dll
0x00007ff969740000 - 0x00007ff969ac9000 	C:\WINDOWS\System32\combase.dll
0x00007ff964fd0000 - 0x00007ff96510e000 	C:\WINDOWS\SYSTEM32\wintypes.dll
0x00007ff969c10000 - 0x00007ff969d01000 	C:\WINDOWS\System32\SHCORE.dll
0x00007ff9691b0000 - 0x00007ff96920e000 	C:\WINDOWS\System32\shlwapi.dll
0x00007ff967080000 - 0x00007ff9670a1000 	C:\WINDOWS\SYSTEM32\profapi.dll
0x00007ff956100000 - 0x00007ff95611b000 	D:\Katalon_Studio_PE\Katalon_Studio_PE_Windows_64-8.5.2\jre\bin\net.dll
0x00007ff966700000 - 0x00007ff966769000 	C:\WINDOWS\system32\mswsock.dll
0x00007ff955f50000 - 0x00007ff955f61000 	D:\Katalon_Studio_PE\Katalon_Studio_PE_Windows_64-8.5.2\jre\bin\nio.dll

VM Arguments:
jvm_args: -Dgroovy.home=C:\Users\62851/.groovy -Djava.system.class.loader=groovy.lang.GroovyClassLoader -Xmx2048m -Dfile.encoding=UTF-8 
java_command: org.codehaus.groovy.tools.GroovyStarter --classpath C:\Users\62851\Katalon Studio\Kita-id\bin\keyword;C:\Users\62851\Katalon Studio\Kita-id\Keywords;C:\Users\62851\Katalon Studio\Kita-id\bin\listener;C:\Users\62851\Katalon Studio\Kita-id\Test Listeners;C:\Users\62851\Katalon Studio\Kita-id\bin\lib;C:\Users\62851\Katalon Studio\Kita-id\Libs;C:\Users\62851\Katalon Studio\Kita-id\bin\groovy;C:\Users\62851\Katalon Studio\Kita-id\Include\scripts\groovy;D:\Katalon_Studio_PE\Katalon_Studio_PE_Windows_64-8.5.2\plugins\com.kms.katalon.core_1.0.0.202210191203.jar;D:\Katalon_Studio_PE\Katalon_Studio_PE_Windows_64-8.5.2\configuration\resources\lib\aalto-xml-1.0.0.jar;D:\Katalon_Studio_PE\Katalon_Studio_PE_Windows_64-8.5.2\configuration\resources\lib\aspectjweaver-1.9.1.jar;D:\Katalon_Studio_PE\Katalon_Studio_PE_Windows_64-8.5.2\configuration\resources\lib\bcpkix-jdk15on-1.64.jar;D:\Katalon_Studio_PE\Katalon_Studio_PE_Windows_64-8.5.2\configuration\resources\lib\bcprov-jdk15on-1.64.jar;D:\Katalon_Studio_PE\Katalon_Studio_PE_Windows_64-8.5.2\configuration\resources\lib\browsermob-core-2.1.5.jar;D:\Katalon_Studio_PE\Katalon_Studio_PE_Windows_64-8.5.2\configuration\resources\lib\cglib-3.2.10.jar;D:\Katalon_Studio_PE\Katalon_Studio_PE_Windows_64-8.5.2\configuration\resources\lib\commons-codec-1.10.jar;D:\Katalon_Studio_PE\Katalon_Studio_PE_Windows_64-8.5.2\configuration\resources\lib\commons-collections4-4.1.jar;D:\Katalon_Studio_PE\Katalon_Studio_PE_Windows_64-8.5.2\configuration\resources\lib\commons-validator-1.6.jar;D:\Katalon_Studio_PE\Katalon_Studio_PE_Windows_64-8.5.2\configuration\resources\lib\curvesapi-1.04.jar;D:\Katalon_Studio_PE\Katalon_Studio_PE_Windows_64-8.5.2\configuration\resources\lib\dnsjava-2.1.8.jar;D:\Katalon_Studio_PE\Katalon_Studio_PE_Windows_64-8.5.2\configuration\resources\lib\java-client-7.0.0.jar;D:\Katalon_Studio_PE\Katalon_Studio_PE_Windows_64-8.5.2\configuration\resources\lib\jna-4.1.0.jar;D:\Katalon_Studio_PE\Katalon_Studio_PE_Windows
java_class_path (initial): C:\Users\62851\Katalon Studio\Kita-id\bin\keyword;C:\Users\62851\Katalon Studio\Kita-id\bin\listener;C:\Users\62851\Katalon Studio\Kita-id\bin\lib;C:\Users\62851\Katalon Studio\Kita-id\bin\groovy;C:\Users\62851\Katalon Studio\Kita-id\bin;D:\Katalon_Studio_PE\Katalon_Studio_PE_Windows_64-8.5.2\plugins\com.kms.katalon.core_1.0.0.202210191203.jar;D:\Katalon_Studio_PE\Katalon_Studio_PE_Windows_64-8.5.2\configuration\resources\lib\aalto-xml-1.0.0.jar;D:\Katalon_Studio_PE\Katalon_Studio_PE_Windows_64-8.5.2\configuration\resources\lib\aspectjweaver-1.9.1.jar;D:\Katalon_Studio_PE\Katalon_Studio_PE_Windows_64-8.5.2\configuration\resources\lib\bcpkix-jdk15on-1.64.jar;D:\Katalon_Studio_PE\Katalon_Studio_PE_Windows_64-8.5.2\configuration\resources\lib\bcprov-jdk15on-1.64.jar;D:\Katalon_Studio_PE\Katalon_Studio_PE_Windows_64-8.5.2\configuration\resources\lib\browsermob-core-2.1.5.jar;D:\Katalon_Studio_PE\Katalon_Studio_PE_Windows_64-8.5.2\configuration\resources\lib\cglib-3.2.10.jar;D:\Katalon_Studio_PE\Katalon_Studio_PE_Windows_64-8.5.2\configuration\resources\lib\commons-codec-1.10.jar;D:\Katalon_Studio_PE\Katalon_Studio_PE_Windows_64-8.5.2\configuration\resources\lib\commons-collections4-4.1.jar;D:\Katalon_Studio_PE\Katalon_Studio_PE_Windows_64-8.5.2\configuration\resources\lib\commons-validator-1.6.jar;D:\Katalon_Studio_PE\Katalon_Studio_PE_Windows_64-8.5.2\configuration\resources\lib\curvesapi-1.04.jar;D:\Katalon_Studio_PE\Katalon_Studio_PE_Windows_64-8.5.2\configuration\resources\lib\dnsjava-2.1.8.jar;D:\Katalon_Studio_PE\Katalon_Studio_PE_Windows_64-8.5.2\configuration\resources\lib\java-client-7.0.0.jar;D:\Katalon_Studio_PE\Katalon_Studio_PE_Windows_64-8.5.2\configuration\resources\lib\jna-4.1.0.jar;D:\Katalon_Studio_PE\Katalon_Studio_PE_Windows_64-8.5.2\configuration\resources\lib\jna-platform-4.1.0.jar;D:\Katalon_Studio_PE\Katalon_Studio_PE_Windows_64-8.5.2\configuration\resources\lib\jzlib-1.1.3.jar;D:\Katalon_Studio_PE\Katalon_Studio_PE_W
Launcher Type: SUN_STANDARD

Environment Variables:
JAVA_HOME=D:\Katalon_Studio_PE\Katalon_Studio_PE_Windows_64-8.5.2\jre
PATH=D:/Katalon_Studio_PE/Katalon_Studio_PE_Windows_64-8.5.2/jre/bin/server;D:/Katalon_Studio_PE/Katalon_Studio_PE_Windows_64-8.5.2/jre/bin;D:/Katalon_Studio_PE/Katalon_Studio_PE_Windows_64-8.5.2/jre/lib/amd64;C:\Program Files\OpenJDK\jdk-11.0.16.8-hotspot\bin;C:\Python310\Scripts\;C:\Python310\;C:\WINDOWS\system32;C:\WINDOWS;C:\WINDOWS\System32\Wbem;C:\WINDOWS\System32\WindowsPowerShell\v1.0\;C:\WINDOWS\System32\OpenSSH\;C:\Program Files\dotnet\;C:\Program Files\nodejs\;C:\ProgramData\chocolatey\bin;C:\Program Files\Docker\Docker\resources\bin;C:\Program Files\Kubernetes\Minikube;C:\minikube;D:\Goorita\php-8.1;C:\composer;C:\Program Files\Git\cmd;C:\Program Files\OpenJDK\jdk-11.0.16.8-hotspot\bin;C:\Python310\Scripts\;C:\Python310\;C:\WINDOWS\system32;C:\WINDOWS;C:\WINDOWS\System32\Wbem;C:\WINDOWS\System32\WindowsPowerShell\v1.0\;C:\WINDOWS\System32\OpenSSH\;C:\Program Files\dotnet\;C:\Program Files\nodejs\;C:\ProgramData\chocolatey\bin;C:\Program Files\Git\cmd;C:\Users\62851\AppData\Local\Microsoft\WindowsApps;C:\Users\62851\AppData\Roaming\npm;C:\Users\62851\AppData\Local\Programs\Microsoft VS Code\bin;C:\Users\62851\AppData\Local\Android\Sdk\platform-tools;C:\Users\62851\AppData\Local\Android\Sdk\tools;C:\Program Files\OpenJDK\jdk-11.0.16.8-hotspot\bin;C:\Users\62851\AppData\Local\Android\Sdk\tools\bin;C:\Program Files\nodejs\node_modules\npm\bin;C:\Program Files\Kubernetes\Minikube;C:\Program Files\liquibase;C:\Users\62851\AppData\Roaming\Composer\vendor\bin;D:\Goorita\php-8.1;C:\Users\62851\Downloads\scrcpy-win64-v1.25\scrcpy-win64-v1.25;;D:\Katalon_Studio_PE\Katalon_Studio_PE_Windows_64-8.5.2;:D:\Katalon_Studio_PE\Katalon_Studio_PE_Windows_64-8.5.2\jre\bin
USERNAME=62851
OS=Windows_NT
PROCESSOR_IDENTIFIER=Intel64 Family 6 Model 154 Stepping 3, GenuineIntel



---------------  S Y S T E M  ---------------

OS: Windows 10.0 , 64 bit Build 22621 (10.0.22621.1778)
HyperV virtualization detected

CPU:total 16 (initial active 16) (8 cores per cpu, 2 threads per core) family 6 model 154 stepping 3, cmov, cx8, fxsr, mmx, sse, sse2, sse3, ssse3, sse4.1, sse4.2, popcnt, avx, avx2, aes, clmul, erms, 3dnowpref, lzcnt, ht, tsc, tscinvbit, bmi1, bmi2, adx

Memory: 4k page, physical 8003956k(336784k free), swap 22707356k(4484k free)

vm_info: OpenJDK 64-Bit Server VM (25.282-b08) for windows-amd64 JRE (Zulu 8.52.0.23-CA-win64) (1.8.0_282-b08), built on Jan 12 2021 07:45:49 by "tester" with MS VC++ 10.0 (VS2010)

time: Wed Aug 09 13:54:02 2023
timezone: SE Asia Standard Time
elapsed time: 7.764991 seconds (0d 0h 0m 7s)

